#
# There is insufficient memory for the Java Runtime Environment to continue.
# Native memory allocation (mmap) failed to map 39845888 bytes for Failed to commit area from 0x000000008b700000 to 0x000000008dd00000 of length 39845888.
# Possible reasons:
#   The system is out of physical RAM or swap space
#   The process is running with CompressedOops enabled, and the Java Heap may be blocking the growth of the native heap
# Possible solutions:
#   Reduce memory load on the system
#   Increase physical memory or swap space
#   Check if swap backing store is full
#   Decrease Java heap size (-Xmx/-Xms)
#   Decrease number of Java threads
#   Decrease Java thread stack sizes (-Xss)
#   Set larger code cache with -XX:ReservedCodeCacheSize=
#   JVM is running with Unscaled Compressed Oops mode in which the Java heap is
#     placed in the first 4GB address space. The Java Heap base address is the
#     maximum limit for the native heap growth. Please use -XX:HeapBaseMinAddress
#     to set the Java Heap base and to place the Java Heap above 4GB virtual address.
# This output file may be truncated or incomplete.
#
#  Out of Memory Error (os_windows.cpp:3386), pid=12164, tid=22728
#
# JRE version: OpenJDK Runtime Environment OpenLogic-OpenJDK (11.0.20+8) (build 11.0.20+8-adhoc..jdk11u)
# Java VM: OpenJDK 64-Bit Server VM OpenLogic-OpenJDK (11.0.20+8-adhoc..jdk11u, mixed mode, tiered, compressed oops, g1 gc, windows-amd64)
# No core dump will be written. Minidumps are not enabled by default on client versions of Windows
#

---------------  S U M M A R Y ------------

Command Line: -XX:MaxMetaspaceSize=512m --add-opens=java.base/java.util=ALL-UNNAMED --add-opens=java.base/java.lang=ALL-UNNAMED --add-opens=java.base/java.lang.invoke=ALL-UNNAMED --add-opens=java.prefs/java.util.prefs=ALL-UNNAMED --add-opens=java.base/java.nio.charset=ALL-UNNAMED --add-opens=java.base/java.net=ALL-UNNAMED --add-opens=java.base/java.util.concurrent.atomic=ALL-UNNAMED -Xmx2048m -Dfile.encoding=windows-1252 -Duser.country=GB -Duser.language=en -Duser.variant org.gradle.launcher.daemon.bootstrap.GradleDaemon 7.6.2

Host: Intel(R) Core(TM) i5-10300H CPU @ 2.50GHz, 8 cores, 7G,  Windows 10 , 64 bit Build 19041 (10.0.19041.3393)
Time: Mon Sep 25 14:54:36 2023 Malay Peninsula Standard Time elapsed time: 57.919787 seconds (0d 0h 0m 57s)

---------------  T H R E A D  ---------------

Current thread (0x00000208e8f5f000):  VMThread "VM Thread" [stack: 0x00000011c5a00000,0x00000011c5b00000] [id=22728]

Stack: [0x00000011c5a00000,0x00000011c5b00000]
[error occurred during error reporting (printing stack bounds), id 0xc0000005, EXCEPTION_ACCESS_VIOLATION (0xc0000005) at pc=0x00000208d25e112d]

Native frames: (J=compiled Java code, j=interpreted, Vv=VM code, C=native code)
V  [jvm.dll+0x64135a]
V  [jvm.dll+0x785e99]
V  [jvm.dll+0x787599]
V  [jvm.dll+0x787be5]
V  [jvm.dll+0x787b9b]
V  [jvm.dll+0x640665]
V  [jvm.dll+0x640d68]
C  [ntdll.dll+0xa221f]
C  [ntdll.dll+0x514b4]
C  [ntdll.dll+0xa0d2e]
C  0x00000208d25e112d

VM_Operation (0x00000011cb0f74c0): G1CollectForAllocation, mode: safepoint, requested by thread 0x00000208eaf85000


---------------  P R O C E S S  ---------------

Threads class SMR info:
_java_thread_list=0x00000208f20d2010, length=134, elements={
0x00000208ccc3c000, 0x00000208e8f69000, 0x00000208e8f6a000, 0x00000208e8f84800,
0x00000208e8f85800, 0x00000208e98a0800, 0x00000208e98a5000, 0x00000208e98a8800,
0x00000208e98a9800, 0x00000208e9a66000, 0x00000208eb467800, 0x00000208ebdda800,
0x00000208eb9be800, 0x00000208eba4e000, 0x00000208eb365800, 0x00000208ead8a000,
0x00000208eb366800, 0x00000208ebd84800, 0x00000208eb292800, 0x00000208eadb8800,
0x00000208ea9b1800, 0x00000208ea9b0800, 0x00000208ea9b3000, 0x00000208ea9b2800,
0x00000208ea9af000, 0x00000208ea9b4800, 0x00000208ea9b4000, 0x00000208ea9b5800,
0x00000208ea9b0000, 0x00000208edda6000, 0x00000208eddaa000, 0x00000208edda7800,
0x00000208edda5000, 0x00000208edda7000, 0x00000208eddab000, 0x00000208eddab800,
0x00000208eddad800, 0x00000208edda8800, 0x00000208eddac800, 0x00000208eddaf000,
0x00000208eddb1800, 0x00000208eddb0800, 0x00000208eddb3000, 0x00000208eddb4000,
0x00000208eddae000, 0x00000208eddb0000, 0x00000208eddb2000, 0x00000208ec224000,
0x00000208ec225000, 0x00000208ec227800, 0x00000208ec226800, 0x00000208ec225800,
0x00000208ec223000, 0x00000208ec22a800, 0x00000208ec22b800, 0x00000208ec229800,
0x00000208ec229000, 0x00000208ec22c000, 0x00000208ec22d000, 0x00000208ec22e000,
0x00000208ec228000, 0x00000208ec22e800, 0x00000208ec22f800, 0x00000208ec232000,
0x00000208ec231000, 0x00000208ec230000, 0x00000208eaf86800, 0x00000208eaf87800,
0x00000208eaf88800, 0x00000208eaf89000, 0x00000208eaf83800, 0x00000208eaf8a000,
0x00000208eaf86000, 0x00000208eaf84800, 0x00000208eaf8b000, 0x00000208eaf85000,
0x00000208eaf8f000, 0x00000208eaf8f800, 0x00000208eaf90800, 0x00000208eaf8c800,
0x00000208eaf8d800, 0x00000208eaf8e000, 0x00000208eaf91800, 0x00000208eaf8b800,
0x00000208eaf92000, 0x00000208f025f000, 0x00000208f025d800, 0x00000208f025e000,
0x00000208f0259800, 0x00000208f0260000, 0x00000208f025a000, 0x00000208f0260800,
0x00000208f025b000, 0x00000208f0261800, 0x00000208f025b800, 0x00000208f0262800,
0x00000208f025c800, 0x00000208f0265800, 0x00000208f0263000, 0x00000208f0264000,
0x00000208f0267000, 0x00000208f0268000, 0x00000208f0264800, 0x00000208f0266800,
0x00000208ec41a800, 0x00000208ec41b000, 0x00000208ec41c000, 0x00000208ec417000,
0x00000208ec418000, 0x00000208ec41e800, 0x00000208ec418800, 0x00000208ec41f000,
0x00000208ec419800, 0x00000208ec421800, 0x00000208ec421000, 0x00000208ec422800,
0x00000208ec420000, 0x00000208ec41c800, 0x00000208ec423000, 0x00000208ec41d800,
0x00000208ec424000, 0x00000208ec425000, 0x00000208ec425800, 0x00000208ea8d1800,
0x00000208ea8d5800, 0x00000208ea8d3800, 0x00000208ea8d4800, 0x00000208ea8d0800,
0x00000208ea8d6000, 0x00000208ea8d7000, 0x00000208ea8d8000, 0x00000208ea8d2000,
0x00000208ea8d8800, 0x00000208ea8d3000
}

Java Threads: ( => current thread )
  0x00000208ccc3c000 JavaThread "main" [_thread_blocked, id=5016, stack(0x00000011c5400000,0x00000011c5500000)]
  0x00000208e8f69000 JavaThread "Reference Handler" daemon [_thread_blocked, id=16020, stack(0x00000011c5b00000,0x00000011c5c00000)]
  0x00000208e8f6a000 JavaThread "Finalizer" daemon [_thread_blocked, id=5888, stack(0x00000011c5c00000,0x00000011c5d00000)]
  0x00000208e8f84800 JavaThread "Signal Dispatcher" daemon [_thread_blocked, id=14812, stack(0x00000011c5d00000,0x00000011c5e00000)]
  0x00000208e8f85800 JavaThread "Attach Listener" daemon [_thread_blocked, id=9816, stack(0x00000011c5e00000,0x00000011c5f00000)]
  0x00000208e98a0800 JavaThread "Service Thread" daemon [_thread_blocked, id=22896, stack(0x00000011c5f00000,0x00000011c6000000)]
  0x00000208e98a5000 JavaThread "C2 CompilerThread0" daemon [_thread_in_native, id=7704, stack(0x00000011c6000000,0x00000011c6100000)]
  0x00000208e98a8800 JavaThread "C1 CompilerThread0" daemon [_thread_blocked, id=7132, stack(0x00000011c6100000,0x00000011c6200000)]
  0x00000208e98a9800 JavaThread "Sweeper thread" daemon [_thread_blocked, id=12736, stack(0x00000011c6200000,0x00000011c6300000)]
  0x00000208e9a66000 JavaThread "Common-Cleaner" daemon [_thread_blocked, id=16084, stack(0x00000011c6300000,0x00000011c6400000)]
  0x00000208eb467800 JavaThread "Daemon health stats" [_thread_blocked, id=6312, stack(0x00000011c6700000,0x00000011c6800000)]
  0x00000208ebdda800 JavaThread "Incoming local TCP Connector on port 56179" [_thread_in_native, id=18504, stack(0x00000011c6800000,0x00000011c6900000)]
  0x00000208eb9be800 JavaThread "Daemon periodic checks" [_thread_blocked, id=6580, stack(0x00000011c6900000,0x00000011c6a00000)]
  0x00000208eba4e000 JavaThread "Daemon" [_thread_blocked, id=4104, stack(0x00000011c6a00000,0x00000011c6b00000)]
  0x00000208eb365800 JavaThread "Handler for socket connection from /127.0.0.1:56179 to /127.0.0.1:56180" [_thread_in_native, id=19476, stack(0x00000011c6b00000,0x00000011c6c00000)]
  0x00000208ead8a000 JavaThread "Cancel handler" [_thread_blocked, id=16752, stack(0x00000011c6c00000,0x00000011c6d00000)]
  0x00000208eb366800 JavaThread "Daemon worker" [_thread_blocked, id=20436, stack(0x00000011c6d00000,0x00000011c6e00000)]
  0x00000208ebd84800 JavaThread "Asynchronous log dispatcher for DefaultDaemonConnection: socket connection from /127.0.0.1:56179 to /127.0.0.1:56180" [_thread_blocked, id=17260, stack(0x00000011c6e00000,0x00000011c6f00000)]
  0x00000208eb292800 JavaThread "Stdin handler" [_thread_blocked, id=14324, stack(0x00000011c6f00000,0x00000011c7000000)]
  0x00000208eadb8800 JavaThread "Daemon client event forwarder" [_thread_blocked, id=532, stack(0x00000011c7000000,0x00000011c7100000)]
  0x00000208ea9b1800 JavaThread "Cache worker for journal cache (C:\Users\ASUS\.gradle\caches\journal-1)" [_thread_blocked, id=19488, stack(0x00000011c7600000,0x00000011c7700000)]
  0x00000208ea9b0800 JavaThread "File lock request listener" [_thread_in_native, id=19692, stack(0x00000011c7700000,0x00000011c7800000)]
  0x00000208ea9b3000 JavaThread "Cache worker for file hash cache (C:\Users\ASUS\.gradle\caches\7.6.2\fileHashes)" [_thread_blocked, id=22252, stack(0x00000011c7800000,0x00000011c7900000)]
  0x00000208ea9b2800 JavaThread "File watcher server" daemon [_thread_in_native, id=21268, stack(0x00000011c7a00000,0x00000011c7b00000)]
  0x00000208ea9af000 JavaThread "File watcher consumer" daemon [_thread_blocked, id=2640, stack(0x00000011c7b00000,0x00000011c7c00000)]
  0x00000208ea9b4800 JavaThread "Cache worker for checksums cache (C:\Users\ASUS\login_test\login_test\android\.gradle\7.6.2\checksums)" [_thread_blocked, id=14808, stack(0x00000011c7c00000,0x00000011c7d00000)]
  0x00000208ea9b4000 JavaThread "Cache worker for cache directory md-rule (C:\Users\ASUS\.gradle\caches\7.6.2\md-rule)" [_thread_blocked, id=23480, stack(0x00000011c7d00000,0x00000011c7e00000)]
  0x00000208ea9b5800 JavaThread "Cache worker for file content cache (C:\Users\ASUS\.gradle\caches\7.6.2\fileContent)" [_thread_blocked, id=7760, stack(0x00000011c7e00000,0x00000011c7f00000)]
  0x00000208ea9b0000 JavaThread "Cache worker for file hash cache (C:\Users\ASUS\login_test\login_test\android\.gradle\7.6.2\fileHashes)" [_thread_blocked, id=19180, stack(0x00000011c7f00000,0x00000011c8000000)]
  0x00000208edda6000 JavaThread "Cache worker for cache directory md-supplier (C:\Users\ASUS\.gradle\caches\7.6.2\md-supplier)" [_thread_blocked, id=12796, stack(0x00000011c8000000,0x00000011c8100000)]
  0x00000208eddaa000 JavaThread "Cache worker for execution history cache (C:\Users\ASUS\.gradle\caches\7.6.2\executionHistory)" [_thread_blocked, id=3400, stack(0x00000011c8100000,0x00000011c8200000)]
  0x00000208edda7800 JavaThread "jar transforms" [_thread_blocked, id=20256, stack(0x00000011c8200000,0x00000011c8300000)]
  0x00000208edda5000 JavaThread "jar transforms Thread 2" [_thread_blocked, id=12000, stack(0x00000011c8300000,0x00000011c8400000)]
  0x00000208edda7000 JavaThread "jar transforms Thread 3" [_thread_blocked, id=12884, stack(0x00000011c8400000,0x00000011c8500000)]
  0x00000208eddab000 JavaThread "jar transforms Thread 4" [_thread_blocked, id=6724, stack(0x00000011c8500000,0x00000011c8600000)]
  0x00000208eddab800 JavaThread "Cache worker for kotlin-dsl (C:\Users\ASUS\.gradle\caches\7.6.2\kotlin-dsl)" [_thread_blocked, id=17784, stack(0x00000011c8800000,0x00000011c8900000)]
  0x00000208eddad800 JavaThread "jar transforms Thread 5" [_thread_blocked, id=2940, stack(0x00000011c8900000,0x00000011c8a00000)]
  0x00000208edda8800 JavaThread "jar transforms Thread 6" [_thread_blocked, id=23060, stack(0x00000011c8a00000,0x00000011c8b00000)]
  0x00000208eddac800 JavaThread "Cache worker for dependencies-accessors (C:\Users\ASUS\login_test\login_test\android\.gradle\7.6.2\dependencies-accessors)" [_thread_blocked, id=2452, stack(0x00000011c8b00000,0x00000011c8c00000)]
  0x00000208eddaf000 JavaThread "Cache worker for Build Output Cleanup Cache (C:\Users\ASUS\login_test\login_test\node_modules\@react-native\gradle-plugin\.gradle\buildOutputCleanup)" [_thread_blocked, id=2528, stack(0x00000011c8c00000,0x00000011c8d00000)]
  0x00000208eddb1800 JavaThread "jar transforms Thread 7" [_thread_blocked, id=19492, stack(0x00000011c8d00000,0x00000011c8e00000)]
  0x00000208eddb0800 JavaThread "Unconstrained build operations" [_thread_blocked, id=19204, stack(0x00000011c8e00000,0x00000011c8f00000)]
  0x00000208eddb3000 JavaThread "Unconstrained build operations Thread 2" [_thread_blocked, id=16828, stack(0x00000011c8f00000,0x00000011c9000000)]
  0x00000208eddb4000 JavaThread "Unconstrained build operations Thread 3" [_thread_blocked, id=17684, stack(0x00000011c9000000,0x00000011c9100000)]
  0x00000208eddae000 JavaThread "Unconstrained build operations Thread 4" [_thread_blocked, id=21080, stack(0x00000011c9100000,0x00000011c9200000)]
  0x00000208eddb0000 JavaThread "Unconstrained build operations Thread 5" [_thread_blocked, id=6120, stack(0x00000011c9200000,0x00000011c9300000)]
  0x00000208eddb2000 JavaThread "Unconstrained build operations Thread 6" [_thread_blocked, id=14896, stack(0x00000011c9300000,0x00000011c9400000)]
  0x00000208ec224000 JavaThread "Unconstrained build operations Thread 7" [_thread_blocked, id=4804, stack(0x00000011c9400000,0x00000011c9500000)]
  0x00000208ec225000 JavaThread "Unconstrained build operations Thread 8" [_thread_blocked, id=9304, stack(0x00000011c9500000,0x00000011c9600000)]
  0x00000208ec227800 JavaThread "Unconstrained build operations Thread 9" [_thread_blocked, id=2832, stack(0x00000011c9600000,0x00000011c9700000)]
  0x00000208ec226800 JavaThread "Unconstrained build operations Thread 10" [_thread_blocked, id=8612, stack(0x00000011c9700000,0x00000011c9800000)]
  0x00000208ec225800 JavaThread "Unconstrained build operations Thread 11" [_thread_blocked, id=20172, stack(0x00000011c9800000,0x00000011c9900000)]
  0x00000208ec223000 JavaThread "Unconstrained build operations Thread 12" [_thread_blocked, id=4240, stack(0x00000011c9900000,0x00000011c9a00000)]
  0x00000208ec22a800 JavaThread "Unconstrained build operations Thread 13" [_thread_blocked, id=23140, stack(0x00000011c9a00000,0x00000011c9b00000)]
  0x00000208ec22b800 JavaThread "Unconstrained build operations Thread 14" [_thread_blocked, id=12272, stack(0x00000011c9b00000,0x00000011c9c00000)]
  0x00000208ec229800 JavaThread "Unconstrained build operations Thread 15" [_thread_blocked, id=15604, stack(0x00000011c9c00000,0x00000011c9d00000)]
  0x00000208ec229000 JavaThread "Unconstrained build operations Thread 16" [_thread_blocked, id=23412, stack(0x00000011c9d00000,0x00000011c9e00000)]
  0x00000208ec22c000 JavaThread "Unconstrained build operations Thread 17" [_thread_blocked, id=20868, stack(0x00000011c9e00000,0x00000011c9f00000)]
  0x00000208ec22d000 JavaThread "Unconstrained build operations Thread 18" [_thread_blocked, id=22644, stack(0x00000011c9f00000,0x00000011ca000000)]
  0x00000208ec22e000 JavaThread "Unconstrained build operations Thread 19" [_thread_blocked, id=11300, stack(0x00000011ca000000,0x00000011ca100000)]
  0x00000208ec228000 JavaThread "Unconstrained build operations Thread 20" [_thread_blocked, id=21680, stack(0x00000011ca100000,0x00000011ca200000)]
  0x00000208ec22e800 JavaThread "Unconstrained build operations Thread 21" [_thread_blocked, id=23556, stack(0x00000011ca200000,0x00000011ca300000)]
  0x00000208ec22f800 JavaThread "Unconstrained build operations Thread 22" [_thread_blocked, id=23560, stack(0x00000011ca300000,0x00000011ca400000)]
  0x00000208ec232000 JavaThread "Unconstrained build operations Thread 23" [_thread_blocked, id=23564, stack(0x00000011ca400000,0x00000011ca500000)]
  0x00000208ec231000 JavaThread "Unconstrained build operations Thread 24" [_thread_blocked, id=23568, stack(0x00000011ca500000,0x00000011ca600000)]
  0x00000208ec230000 JavaThread "Unconstrained build operations Thread 25" [_thread_blocked, id=23572, stack(0x00000011ca600000,0x00000011ca700000)]
  0x00000208eaf86800 JavaThread "Unconstrained build operations Thread 26" [_thread_blocked, id=23576, stack(0x00000011ca700000,0x00000011ca800000)]
  0x00000208eaf87800 JavaThread "jar transforms Thread 8" [_thread_blocked, id=23580, stack(0x00000011ca800000,0x00000011ca900000)]
  0x00000208eaf88800 JavaThread "Memory manager" [_thread_blocked, id=23616, stack(0x00000011ca900000,0x00000011caa00000)]
  0x00000208eaf89000 JavaThread "Cache worker for Build Output Cleanup Cache (C:\Users\ASUS\login_test\login_test\android\.gradle\buildOutputCleanup)" [_thread_blocked, id=23652, stack(0x00000011caa00000,0x00000011cab00000)]
  0x00000208eaf83800 JavaThread "included builds" [_thread_blocked, id=23700, stack(0x00000011cab00000,0x00000011cac00000)]
  0x00000208eaf8a000 JavaThread "Execution worker" [_thread_blocked, id=23704, stack(0x00000011cac00000,0x00000011cad00000)]
  0x00000208eaf86000 JavaThread "Execution worker Thread 2" [_thread_blocked, id=23708, stack(0x00000011cad00000,0x00000011cae00000)]
  0x00000208eaf84800 JavaThread "Execution worker Thread 3" [_thread_blocked, id=23712, stack(0x00000011cae00000,0x00000011caf00000)]
  0x00000208eaf8b000 JavaThread "Execution worker Thread 4" [_thread_blocked, id=23716, stack(0x00000011caf00000,0x00000011cb000000)]
  0x00000208eaf85000 JavaThread "Execution worker Thread 5" [_thread_blocked, id=23720, stack(0x00000011cb000000,0x00000011cb100000)]
  0x00000208eaf8f000 JavaThread "Execution worker Thread 6" [_thread_blocked, id=23724, stack(0x00000011cb100000,0x00000011cb200000)]
  0x00000208eaf8f800 JavaThread "Execution worker Thread 7" [_thread_blocked, id=23728, stack(0x00000011cb200000,0x00000011cb300000)]
  0x00000208eaf90800 JavaThread "Cache worker for execution history cache (C:\Users\ASUS\login_test\login_test\node_modules\@react-native\gradle-plugin\.gradle\7.6.2\executionHistory)" [_thread_blocked, id=23732, stack(0x00000011cb300000,0x00000011cb400000)]
  0x00000208eaf8c800 JavaThread "Unconstrained build operations Thread 27" [_thread_blocked, id=23736, stack(0x00000011cb400000,0x00000011cb500000)]
  0x00000208eaf8d800 JavaThread "Unconstrained build operations Thread 28" [_thread_blocked, id=23740, stack(0x00000011cb500000,0x00000011cb600000)]
  0x00000208eaf8e000 JavaThread "Unconstrained build operations Thread 29" [_thread_blocked, id=23744, stack(0x00000011cb600000,0x00000011cb700000)]
  0x00000208eaf91800 JavaThread "Unconstrained build operations Thread 30" [_thread_blocked, id=23748, stack(0x00000011cb700000,0x00000011cb800000)]
  0x00000208eaf8b800 JavaThread "Unconstrained build operations Thread 31" [_thread_blocked, id=23752, stack(0x00000011cb800000,0x00000011cb900000)]
  0x00000208eaf92000 JavaThread "Unconstrained build operations Thread 32" [_thread_blocked, id=23756, stack(0x00000011cb900000,0x00000011cba00000)]
  0x00000208f025f000 JavaThread "Unconstrained build operations Thread 33" [_thread_blocked, id=23760, stack(0x00000011cba00000,0x00000011cbb00000)]
  0x00000208f025d800 JavaThread "Unconstrained build operations Thread 34" [_thread_blocked, id=23764, stack(0x00000011cbb00000,0x00000011cbc00000)]
  0x00000208f025e000 JavaThread "Unconstrained build operations Thread 35" [_thread_blocked, id=23768, stack(0x00000011cbc00000,0x00000011cbd00000)]
  0x00000208f0259800 JavaThread "Unconstrained build operations Thread 36" [_thread_blocked, id=23772, stack(0x00000011cbd00000,0x00000011cbe00000)]
  0x00000208f0260000 JavaThread "Unconstrained build operations Thread 37" [_thread_blocked, id=23776, stack(0x00000011cbe00000,0x00000011cbf00000)]
  0x00000208f025a000 JavaThread "Unconstrained build operations Thread 38" [_thread_blocked, id=23780, stack(0x00000011cbf00000,0x00000011cc000000)]
  0x00000208f0260800 JavaThread "Unconstrained build operations Thread 39" [_thread_blocked, id=23784, stack(0x00000011cc000000,0x00000011cc100000)]
  0x00000208f025b000 JavaThread "Unconstrained build operations Thread 40" [_thread_blocked, id=23788, stack(0x00000011cc100000,0x00000011cc200000)]
  0x00000208f0261800 JavaThread "Unconstrained build operations Thread 41" [_thread_blocked, id=23792, stack(0x00000011cc200000,0x00000011cc300000)]
  0x00000208f025b800 JavaThread "Unconstrained build operations Thread 42" [_thread_blocked, id=23796, stack(0x00000011cc300000,0x00000011cc400000)]
  0x00000208f0262800 JavaThread "Unconstrained build operations Thread 43" [_thread_blocked, id=23800, stack(0x00000011cc400000,0x00000011cc500000)]
  0x00000208f025c800 JavaThread "Unconstrained build operations Thread 44" [_thread_blocked, id=23804, stack(0x00000011cc500000,0x00000011cc600000)]
  0x00000208f0265800 JavaThread "Unconstrained build operations Thread 45" [_thread_blocked, id=23808, stack(0x00000011cc600000,0x00000011cc700000)]
  0x00000208f0263000 JavaThread "Unconstrained build operations Thread 46" [_thread_blocked, id=23812, stack(0x00000011cc700000,0x00000011cc800000)]
  0x00000208f0264000 JavaThread "Unconstrained build operations Thread 47" [_thread_blocked, id=23816, stack(0x00000011cc800000,0x00000011cc900000)]
  0x00000208f0267000 JavaThread "Unconstrained build operations Thread 48" [_thread_blocked, id=23820, stack(0x00000011cc900000,0x00000011cca00000)]
  0x00000208f0268000 JavaThread "Unconstrained build operations Thread 49" [_thread_blocked, id=23824, stack(0x00000011cca00000,0x00000011ccb00000)]
  0x00000208f0264800 JavaThread "Unconstrained build operations Thread 50" [_thread_blocked, id=23828, stack(0x00000011ccb00000,0x00000011ccc00000)]
  0x00000208f0266800 JavaThread "Unconstrained build operations Thread 51" [_thread_blocked, id=23832, stack(0x00000011ccc00000,0x00000011ccd00000)]
  0x00000208ec41a800 JavaThread "Unconstrained build operations Thread 52" [_thread_blocked, id=23912, stack(0x00000011ccd00000,0x00000011cce00000)]
  0x00000208ec41b000 JavaThread "Unconstrained build operations Thread 53" [_thread_blocked, id=23920, stack(0x00000011cce00000,0x00000011ccf00000)]
  0x00000208ec41c000 JavaThread "Unconstrained build operations Thread 54" [_thread_blocked, id=23924, stack(0x00000011ccf00000,0x00000011cd000000)]
  0x00000208ec417000 JavaThread "Unconstrained build operations Thread 55" [_thread_blocked, id=23928, stack(0x00000011cd000000,0x00000011cd100000)]
  0x00000208ec418000 JavaThread "Unconstrained build operations Thread 56" [_thread_blocked, id=23932, stack(0x00000011cd100000,0x00000011cd200000)]
  0x00000208ec41e800 JavaThread "Unconstrained build operations Thread 57" [_thread_blocked, id=23936, stack(0x00000011cd200000,0x00000011cd300000)]
  0x00000208ec418800 JavaThread "Unconstrained build operations Thread 58" [_thread_blocked, id=23940, stack(0x00000011cd300000,0x00000011cd400000)]
  0x00000208ec41f000 JavaThread "Unconstrained build operations Thread 59" [_thread_blocked, id=23944, stack(0x00000011cd400000,0x00000011cd500000)]
  0x00000208ec419800 JavaThread "Unconstrained build operations Thread 60" [_thread_blocked, id=23948, stack(0x00000011cd500000,0x00000011cd600000)]
  0x00000208ec421800 JavaThread "Unconstrained build operations Thread 61" [_thread_blocked, id=23952, stack(0x00000011cd600000,0x00000011cd700000)]
  0x00000208ec421000 JavaThread "Unconstrained build operations Thread 62" [_thread_blocked, id=23956, stack(0x00000011cd700000,0x00000011cd800000)]
  0x00000208ec422800 JavaThread "Unconstrained build operations Thread 63" [_thread_blocked, id=23960, stack(0x00000011cd800000,0x00000011cd900000)]
  0x00000208ec420000 JavaThread "Unconstrained build operations Thread 64" [_thread_blocked, id=23964, stack(0x00000011cd900000,0x00000011cda00000)]
  0x00000208ec41c800 JavaThread "Unconstrained build operations Thread 65" [_thread_blocked, id=23968, stack(0x00000011cda00000,0x00000011cdb00000)]
  0x00000208ec423000 JavaThread "Unconstrained build operations Thread 66" [_thread_blocked, id=23972, stack(0x00000011cdb00000,0x00000011cdc00000)]
  0x00000208ec41d800 JavaThread "Unconstrained build operations Thread 67" [_thread_blocked, id=23976, stack(0x00000011cdc00000,0x00000011cdd00000)]
  0x00000208ec424000 JavaThread "Unconstrained build operations Thread 68" [_thread_blocked, id=23980, stack(0x00000011cdd00000,0x00000011cde00000)]
  0x00000208ec425000 JavaThread "Unconstrained build operations Thread 69" [_thread_blocked, id=23984, stack(0x00000011cde00000,0x00000011cdf00000)]
  0x00000208ec425800 JavaThread "Unconstrained build operations Thread 70" [_thread_blocked, id=23988, stack(0x00000011cdf00000,0x00000011ce000000)]
  0x00000208ea8d1800 JavaThread "Unconstrained build operations Thread 71" [_thread_blocked, id=23992, stack(0x00000011ce000000,0x00000011ce100000)]
  0x00000208ea8d5800 JavaThread "Unconstrained build operations Thread 72" [_thread_blocked, id=23996, stack(0x00000011ce100000,0x00000011ce200000)]
  0x00000208ea8d3800 JavaThread "Unconstrained build operations Thread 73" [_thread_blocked, id=24000, stack(0x00000011ce200000,0x00000011ce300000)]
  0x00000208ea8d4800 JavaThread "Unconstrained build operations Thread 74" [_thread_blocked, id=24004, stack(0x00000011ce300000,0x00000011ce400000)]
  0x00000208ea8d0800 JavaThread "Unconstrained build operations Thread 75" [_thread_blocked, id=24008, stack(0x00000011ce400000,0x00000011ce500000)]
  0x00000208ea8d6000 JavaThread "Unconstrained build operations Thread 76" [_thread_blocked, id=24012, stack(0x00000011ce500000,0x00000011ce600000)]
  0x00000208ea8d7000 JavaThread "Unconstrained build operations Thread 77" [_thread_blocked, id=24016, stack(0x00000011ce600000,0x00000011ce700000)]
  0x00000208ea8d8000 JavaThread "Unconstrained build operations Thread 78" [_thread_blocked, id=24020, stack(0x00000011ce700000,0x00000011ce800000)]
  0x00000208ea8d2000 JavaThread "Unconstrained build operations Thread 79" [_thread_blocked, id=24024, stack(0x00000011ce800000,0x00000011ce900000)]
  0x00000208ea8d8800 JavaThread "Unconstrained build operations Thread 80" [_thread_blocked, id=24028, stack(0x00000011ce900000,0x00000011cea00000)]
  0x00000208ea8d3000 JavaThread "Cache worker for execution history cache (C:\Users\ASUS\login_test\login_test\android\.gradle\7.6.2\executionHistory)" [_thread_blocked, id=24532, stack(0x00000011cea00000,0x00000011ceb00000)]

Other Threads:
=>0x00000208e8f5f000 VMThread "VM Thread" [stack: 0x00000011c5a00000,0x00000011c5b00000] [id=22728]
  0x00000208e9a71000 WatcherThread [stack: 0x00000011c6400000,0x00000011c6500000] [id=22824]
  0x00000208ced61800 GCTaskThread "GC Thread#0" [stack: 0x00000011c5500000,0x00000011c5600000] [id=14292]
  0x00000208eac40800 GCTaskThread "GC Thread#1" [stack: 0x00000011c6500000,0x00000011c6600000] [id=23240]
  0x00000208ea477000 GCTaskThread "GC Thread#2" [stack: 0x00000011c6600000,0x00000011c6700000] [id=19880]
  0x00000208ea7ad800 GCTaskThread "GC Thread#3" [stack: 0x00000011c7100000,0x00000011c7200000] [id=21364]
  0x00000208eba4e800 GCTaskThread "GC Thread#4" [stack: 0x00000011c7200000,0x00000011c7300000] [id=21052]
  0x00000208eadb9800 GCTaskThread "GC Thread#5" [stack: 0x00000011c7300000,0x00000011c7400000] [id=8976]
  0x00000208ea9b7000 GCTaskThread "GC Thread#6" [stack: 0x00000011c7400000,0x00000011c7500000] [id=8308]
  0x00000208ea9b7800 GCTaskThread "GC Thread#7" [stack: 0x00000011c7500000,0x00000011c7600000] [id=2888]
  0x00000208ced94000 ConcurrentGCThread "G1 Main Marker" [stack: 0x00000011c5600000,0x00000011c5700000] [id=14200]
  0x00000208ced95800 ConcurrentGCThread "G1 Conc#0" [stack: 0x00000011c5700000,0x00000011c5800000] [id=22544]
  0x00000208eb3c4000 ConcurrentGCThread "G1 Conc#1" [stack: 0x00000011c7900000,0x00000011c7a00000] [id=18704]
  0x00000208cee1d800 ConcurrentGCThread "G1 Refine#0" [stack: 0x00000011c5800000,0x00000011c5900000] [id=16976]
  0x00000208e8da6800 ConcurrentGCThread "G1 Young RemSet Sampling" [stack: 0x00000011c5900000,0x00000011c5a00000] [id=20320]

Threads with active compile tasks:
C2 CompilerThread0    57943 11399       4       org.gradle.internal.reflect.ClassInspector::inspectClass (179 bytes)

VM state:at safepoint (normal execution)

VM Mutex/Monitor currently owned by a thread:  ([mutex/lock_event])
[0x00000208ced49ab0] Threads_lock - owner thread: 0x00000208e8f5f000
[0x00000208ced491b0] Heap_lock - owner thread: 0x00000208eaf85000

Heap address: 0x0000000080000000, size: 2048 MB, Compressed Oops mode: 32-bit
Narrow klass base: 0x0000000000000000, Narrow klass shift: 3
Compressed class space size: 528482304 Address: 0x0000000100000000

Heap:
 garbage-first heap   total 226304K, used 135648K [0x0000000080000000, 0x0000000100000000)
  region size 1024K, 3 young (3072K), 3 survivors (3072K)
 Metaspace       used 96881K, capacity 100100K, committed 100316K, reserved 602112K
  class space    used 13024K, capacity 14349K, committed 14460K, reserved 516096K
Heap Regions: E=young(eden), S=young(survivor), O=old, HS=humongous(starts), HC=humongous(continues), CS=collection set, F=free, A=archive, TAMS=top-at-mark-start (previous, next)
|   0|0x0000000080000000, 0x0000000080100000, 0x0000000080100000|100%|HS|  |TAMS 0x0000000080100000, 0x0000000080100000| Complete 
|   1|0x0000000080100000, 0x0000000080200000, 0x0000000080200000|100%|HC|  |TAMS 0x0000000080200000, 0x0000000080200000| Complete 
|   2|0x0000000080200000, 0x0000000080300000, 0x0000000080300000|100%|HC|  |TAMS 0x0000000080300000, 0x0000000080300000| Complete 
|   3|0x0000000080300000, 0x0000000080400000, 0x0000000080400000|100%| O|  |TAMS 0x0000000080400000, 0x0000000080400000| Untracked 
|   4|0x0000000080400000, 0x0000000080500000, 0x0000000080500000|100%| O|  |TAMS 0x0000000080500000, 0x0000000080500000| Untracked 
|   5|0x0000000080500000, 0x0000000080600000, 0x0000000080600000|100%| O|  |TAMS 0x0000000080600000, 0x0000000080600000| Untracked 
|   6|0x0000000080600000, 0x0000000080700000, 0x0000000080700000|100%| O|  |TAMS 0x0000000080700000, 0x0000000080700000| Untracked 
|   7|0x0000000080700000, 0x0000000080800000, 0x0000000080800000|100%| O|  |TAMS 0x0000000080800000, 0x0000000080800000| Untracked 
|   8|0x0000000080800000, 0x0000000080900000, 0x0000000080900000|100%| O|  |TAMS 0x0000000080900000, 0x0000000080900000| Untracked 
|   9|0x0000000080900000, 0x0000000080a00000, 0x0000000080a00000|100%| O|  |TAMS 0x0000000080a00000, 0x0000000080a00000| Untracked 
|  10|0x0000000080a00000, 0x0000000080b00000, 0x0000000080b00000|100%| O|  |TAMS 0x0000000080b00000, 0x0000000080b00000| Untracked 
|  11|0x0000000080b00000, 0x0000000080c00000, 0x0000000080c00000|100%| O|  |TAMS 0x0000000080c00000, 0x0000000080c00000| Untracked 
|  12|0x0000000080c00000, 0x0000000080d00000, 0x0000000080d00000|100%| O|  |TAMS 0x0000000080d00000, 0x0000000080d00000| Untracked 
|  13|0x0000000080d00000, 0x0000000080e00000, 0x0000000080e00000|100%| O|  |TAMS 0x0000000080e00000, 0x0000000080e00000| Untracked 
|  14|0x0000000080e00000, 0x0000000080f00000, 0x0000000080f00000|100%| O|  |TAMS 0x0000000080f00000, 0x0000000080f00000| Untracked 
|  15|0x0000000080f00000, 0x0000000081000000, 0x0000000081000000|100%| O|  |TAMS 0x0000000081000000, 0x0000000081000000| Untracked 
|  16|0x0000000081000000, 0x0000000081100000, 0x0000000081100000|100%| O|  |TAMS 0x0000000081100000, 0x0000000081100000| Untracked 
|  17|0x0000000081100000, 0x0000000081200000, 0x0000000081200000|100%| O|  |TAMS 0x0000000081200000, 0x0000000081200000| Untracked 
|  18|0x0000000081200000, 0x0000000081300000, 0x0000000081300000|100%| O|  |TAMS 0x0000000081300000, 0x0000000081300000| Untracked 
|  19|0x0000000081300000, 0x0000000081400000, 0x0000000081400000|100%| O|  |TAMS 0x0000000081400000, 0x0000000081400000| Untracked 
|  20|0x0000000081400000, 0x0000000081500000, 0x0000000081500000|100%| O|  |TAMS 0x0000000081500000, 0x0000000081500000| Untracked 
|  21|0x0000000081500000, 0x0000000081600000, 0x0000000081600000|100%| O|  |TAMS 0x0000000081600000, 0x0000000081600000| Untracked 
|  22|0x0000000081600000, 0x0000000081700000, 0x0000000081700000|100%| O|  |TAMS 0x0000000081700000, 0x0000000081700000| Untracked 
|  23|0x0000000081700000, 0x0000000081800000, 0x0000000081800000|100%| O|  |TAMS 0x0000000081800000, 0x0000000081800000| Untracked 
|  24|0x0000000081800000, 0x0000000081900000, 0x0000000081900000|100%| O|  |TAMS 0x0000000081900000, 0x0000000081900000| Untracked 
|  25|0x0000000081900000, 0x0000000081a00000, 0x0000000081a00000|100%| O|  |TAMS 0x0000000081a00000, 0x0000000081a00000| Untracked 
|  26|0x0000000081a00000, 0x0000000081b00000, 0x0000000081b00000|100%| O|  |TAMS 0x0000000081b00000, 0x0000000081b00000| Untracked 
|  27|0x0000000081b00000, 0x0000000081c00000, 0x0000000081c00000|100%| O|  |TAMS 0x0000000081c00000, 0x0000000081c00000| Untracked 
|  28|0x0000000081c00000, 0x0000000081d00000, 0x0000000081d00000|100%| O|  |TAMS 0x0000000081d00000, 0x0000000081d00000| Untracked 
|  29|0x0000000081d00000, 0x0000000081e00000, 0x0000000081e00000|100%|HS|  |TAMS 0x0000000081e00000, 0x0000000081e00000| Complete 
|  30|0x0000000081e00000, 0x0000000081f00000, 0x0000000081f00000|100%|HC|  |TAMS 0x0000000081f00000, 0x0000000081f00000| Complete 
|  31|0x0000000081f00000, 0x0000000082000000, 0x0000000082000000|100%|HS|  |TAMS 0x0000000082000000, 0x0000000082000000| Complete 
|  32|0x0000000082000000, 0x0000000082100000, 0x0000000082100000|100%|HC|  |TAMS 0x0000000082100000, 0x0000000082100000| Complete 
|  33|0x0000000082100000, 0x0000000082200000, 0x0000000082200000|100%|HC|  |TAMS 0x0000000082200000, 0x0000000082200000| Complete 
|  34|0x0000000082200000, 0x0000000082300000, 0x0000000082300000|100%|HC|  |TAMS 0x0000000082300000, 0x0000000082300000| Complete 
|  35|0x0000000082300000, 0x0000000082400000, 0x0000000082400000|100%| O|  |TAMS 0x0000000082400000, 0x0000000082400000| Untracked 
|  36|0x0000000082400000, 0x0000000082500000, 0x0000000082500000|100%| O|  |TAMS 0x0000000082500000, 0x0000000082500000| Untracked 
|  37|0x0000000082500000, 0x0000000082600000, 0x0000000082600000|100%| O|  |TAMS 0x0000000082600000, 0x0000000082600000| Untracked 
|  38|0x0000000082600000, 0x0000000082700000, 0x0000000082700000|100%| O|  |TAMS 0x0000000082700000, 0x0000000082700000| Untracked 
|  39|0x0000000082700000, 0x0000000082800000, 0x0000000082800000|100%| O|  |TAMS 0x0000000082800000, 0x0000000082800000| Untracked 
|  40|0x0000000082800000, 0x0000000082900000, 0x0000000082900000|100%| O|  |TAMS 0x0000000082900000, 0x0000000082900000| Untracked 
|  41|0x0000000082900000, 0x0000000082a00000, 0x0000000082a00000|100%| O|  |TAMS 0x0000000082a00000, 0x0000000082a00000| Untracked 
|  42|0x0000000082a00000, 0x0000000082b00000, 0x0000000082b00000|100%| O|  |TAMS 0x0000000082b00000, 0x0000000082b00000| Untracked 
|  43|0x0000000082b00000, 0x0000000082c00000, 0x0000000082c00000|100%| O|  |TAMS 0x0000000082c00000, 0x0000000082c00000| Untracked 
|  44|0x0000000082c00000, 0x0000000082d00000, 0x0000000082d00000|100%| O|  |TAMS 0x0000000082d00000, 0x0000000082d00000| Untracked 
|  45|0x0000000082d00000, 0x0000000082e00000, 0x0000000082e00000|100%| O|  |TAMS 0x0000000082e00000, 0x0000000082e00000| Untracked 
|  46|0x0000000082e00000, 0x0000000082f00000, 0x0000000082f00000|100%|HS|  |TAMS 0x0000000082f00000, 0x0000000082f00000| Complete 
|  47|0x0000000082f00000, 0x0000000083000000, 0x0000000083000000|100%|HS|  |TAMS 0x0000000083000000, 0x0000000083000000| Complete 
|  48|0x0000000083000000, 0x0000000083100000, 0x0000000083100000|100%|HS|  |TAMS 0x0000000083100000, 0x0000000083100000| Complete 
|  49|0x0000000083100000, 0x0000000083200000, 0x0000000083200000|100%| O|  |TAMS 0x0000000083200000, 0x0000000083200000| Untracked 
|  50|0x0000000083200000, 0x0000000083300000, 0x0000000083300000|100%| O|  |TAMS 0x0000000083300000, 0x0000000083300000| Untracked 
|  51|0x0000000083300000, 0x0000000083400000, 0x0000000083400000|100%| O|  |TAMS 0x0000000083400000, 0x0000000083400000| Untracked 
|  52|0x0000000083400000, 0x0000000083500000, 0x0000000083500000|100%| O|  |TAMS 0x0000000083500000, 0x0000000083500000| Untracked 
|  53|0x0000000083500000, 0x0000000083600000, 0x0000000083600000|100%| O|  |TAMS 0x0000000083600000, 0x0000000083600000| Untracked 
|  54|0x0000000083600000, 0x0000000083700000, 0x0000000083700000|100%| O|  |TAMS 0x0000000083700000, 0x0000000083700000| Untracked 
|  55|0x0000000083700000, 0x0000000083800000, 0x0000000083800000|100%| O|  |TAMS 0x0000000083800000, 0x0000000083800000| Untracked 
|  56|0x0000000083800000, 0x0000000083900000, 0x0000000083900000|100%| O|  |TAMS 0x0000000083900000, 0x0000000083900000| Untracked 
|  57|0x0000000083900000, 0x0000000083a00000, 0x0000000083a00000|100%| O|  |TAMS 0x0000000083a00000, 0x0000000083a00000| Untracked 
|  58|0x0000000083a00000, 0x0000000083b00000, 0x0000000083b00000|100%| O|  |TAMS 0x0000000083b00000, 0x0000000083b00000| Untracked 
|  59|0x0000000083b00000, 0x0000000083c00000, 0x0000000083c00000|100%| O|  |TAMS 0x0000000083c00000, 0x0000000083c00000| Untracked 
|  60|0x0000000083c00000, 0x0000000083d00000, 0x0000000083d00000|100%| O|  |TAMS 0x0000000083d00000, 0x0000000083d00000| Untracked 
|  61|0x0000000083d00000, 0x0000000083e00000, 0x0000000083e00000|100%| O|  |TAMS 0x0000000083e00000, 0x0000000083e00000| Untracked 
|  62|0x0000000083e00000, 0x0000000083f00000, 0x0000000083f00000|100%|HS|  |TAMS 0x0000000083f00000, 0x0000000083f00000| Complete 
|  63|0x0000000083f00000, 0x0000000084000000, 0x0000000084000000|100%|HC|  |TAMS 0x0000000084000000, 0x0000000084000000| Complete 
|  64|0x0000000084000000, 0x0000000084100000, 0x0000000084100000|100%|HC|  |TAMS 0x0000000084100000, 0x0000000084100000| Complete 
|  65|0x0000000084100000, 0x0000000084200000, 0x0000000084200000|100%| O|  |TAMS 0x0000000084200000, 0x0000000084200000| Untracked 
|  66|0x0000000084200000, 0x0000000084300000, 0x0000000084300000|100%| O|  |TAMS 0x0000000084300000, 0x0000000084300000| Untracked 
|  67|0x0000000084300000, 0x0000000084400000, 0x0000000084400000|100%| O|  |TAMS 0x0000000084400000, 0x0000000084400000| Untracked 
|  68|0x0000000084400000, 0x0000000084500000, 0x0000000084500000|100%| O|  |TAMS 0x0000000084500000, 0x0000000084500000| Untracked 
|  69|0x0000000084500000, 0x0000000084600000, 0x0000000084600000|100%| O|  |TAMS 0x0000000084600000, 0x0000000084600000| Untracked 
|  70|0x0000000084600000, 0x0000000084700000, 0x0000000084700000|100%| O|  |TAMS 0x0000000084700000, 0x0000000084700000| Untracked 
|  71|0x0000000084700000, 0x0000000084800000, 0x0000000084800000|100%| O|  |TAMS 0x0000000084800000, 0x0000000084800000| Untracked 
|  72|0x0000000084800000, 0x0000000084900000, 0x0000000084900000|100%| O|  |TAMS 0x0000000084900000, 0x0000000084900000| Untracked 
|  73|0x0000000084900000, 0x0000000084a00000, 0x0000000084a00000|100%| O|  |TAMS 0x0000000084a00000, 0x0000000084a00000| Untracked 
|  74|0x0000000084a00000, 0x0000000084b00000, 0x0000000084b00000|100%| O|  |TAMS 0x0000000084b00000, 0x0000000084b00000| Untracked 
|  75|0x0000000084b00000, 0x0000000084c00000, 0x0000000084c00000|100%| O|  |TAMS 0x0000000084c00000, 0x0000000084c00000| Untracked 
|  76|0x0000000084c00000, 0x0000000084d00000, 0x0000000084d00000|100%| O|  |TAMS 0x0000000084d00000, 0x0000000084d00000| Untracked 
|  77|0x0000000084d00000, 0x0000000084e00000, 0x0000000084e00000|100%| O|  |TAMS 0x0000000084e00000, 0x0000000084e00000| Untracked 
|  78|0x0000000084e00000, 0x0000000084f00000, 0x0000000084f00000|100%| O|  |TAMS 0x0000000084f00000, 0x0000000084f00000| Untracked 
|  79|0x0000000084f00000, 0x0000000085000000, 0x0000000085000000|100%| O|  |TAMS 0x0000000085000000, 0x0000000085000000| Untracked 
|  80|0x0000000085000000, 0x0000000085100000, 0x0000000085100000|100%| O|  |TAMS 0x0000000085100000, 0x0000000085100000| Untracked 
|  81|0x0000000085100000, 0x0000000085200000, 0x0000000085200000|100%| O|  |TAMS 0x0000000085200000, 0x0000000085200000| Untracked 
|  82|0x0000000085200000, 0x0000000085300000, 0x0000000085300000|100%| O|  |TAMS 0x0000000085300000, 0x0000000085300000| Untracked 
|  83|0x0000000085300000, 0x0000000085400000, 0x0000000085400000|100%| O|  |TAMS 0x0000000085400000, 0x0000000085400000| Untracked 
|  84|0x0000000085400000, 0x0000000085500000, 0x0000000085500000|100%| O|  |TAMS 0x0000000085500000, 0x0000000085500000| Untracked 
|  85|0x0000000085500000, 0x0000000085600000, 0x0000000085600000|100%| O|  |TAMS 0x0000000085600000, 0x0000000085600000| Untracked 
|  86|0x0000000085600000, 0x0000000085700000, 0x0000000085700000|100%| O|  |TAMS 0x0000000085700000, 0x0000000085700000| Untracked 
|  87|0x0000000085700000, 0x0000000085800000, 0x0000000085800000|100%|HS|  |TAMS 0x0000000085800000, 0x0000000085800000| Complete 
|  88|0x0000000085800000, 0x0000000085900000, 0x0000000085900000|100%|HS|  |TAMS 0x0000000085900000, 0x0000000085900000| Complete 
|  89|0x0000000085900000, 0x0000000085a00000, 0x0000000085a00000|100%|HS|  |TAMS 0x0000000085a00000, 0x0000000085a00000| Complete 
|  90|0x0000000085a00000, 0x0000000085b00000, 0x0000000085b00000|100%|HS|  |TAMS 0x0000000085b00000, 0x0000000085b00000| Complete 
|  91|0x0000000085b00000, 0x0000000085c00000, 0x0000000085c00000|100%|HC|  |TAMS 0x0000000085c00000, 0x0000000085c00000| Complete 
|  92|0x0000000085c00000, 0x0000000085d00000, 0x0000000085d00000|100%|HC|  |TAMS 0x0000000085d00000, 0x0000000085d00000| Complete 
|  93|0x0000000085d00000, 0x0000000085e00000, 0x0000000085e00000|100%| O|  |TAMS 0x0000000085e00000, 0x0000000085e00000| Untracked 
|  94|0x0000000085e00000, 0x0000000085f00000, 0x0000000085f00000|100%| O|  |TAMS 0x0000000085f00000, 0x0000000085f00000| Untracked 
|  95|0x0000000085f00000, 0x0000000086000000, 0x0000000086000000|100%| O|  |TAMS 0x0000000086000000, 0x0000000086000000| Untracked 
|  96|0x0000000086000000, 0x0000000086100000, 0x0000000086100000|100%| O|  |TAMS 0x0000000086100000, 0x0000000086100000| Untracked 
|  97|0x0000000086100000, 0x0000000086200000, 0x0000000086200000|100%| O|  |TAMS 0x0000000086200000, 0x0000000086200000| Untracked 
|  98|0x0000000086200000, 0x0000000086300000, 0x0000000086300000|100%|HS|  |TAMS 0x0000000086300000, 0x0000000086300000| Complete 
|  99|0x0000000086300000, 0x0000000086400000, 0x0000000086400000|100%|HC|  |TAMS 0x0000000086400000, 0x0000000086400000| Complete 
| 100|0x0000000086400000, 0x0000000086500000, 0x0000000086500000|100%| O|  |TAMS 0x0000000086500000, 0x0000000086500000| Untracked 
| 101|0x0000000086500000, 0x0000000086600000, 0x0000000086600000|100%| O|  |TAMS 0x0000000086600000, 0x0000000086600000| Untracked 
| 102|0x0000000086600000, 0x0000000086700000, 0x0000000086700000|100%| O|  |TAMS 0x0000000086700000, 0x0000000086700000| Untracked 
| 103|0x0000000086700000, 0x0000000086800000, 0x0000000086800000|100%| O|  |TAMS 0x0000000086800000, 0x0000000086800000| Untracked 
| 104|0x0000000086800000, 0x0000000086900000, 0x0000000086900000|100%| O|  |TAMS 0x0000000086900000, 0x0000000086900000| Untracked 
| 105|0x0000000086900000, 0x0000000086a00000, 0x0000000086a00000|100%|HS|  |TAMS 0x0000000086a00000, 0x0000000086a00000| Complete 
| 106|0x0000000086a00000, 0x0000000086b00000, 0x0000000086b00000|100%|HS|  |TAMS 0x0000000086b00000, 0x0000000086b00000| Complete 
| 107|0x0000000086b00000, 0x0000000086c00000, 0x0000000086c00000|100%| O|  |TAMS 0x0000000086c00000, 0x0000000086c00000| Untracked 
| 108|0x0000000086c00000, 0x0000000086d00000, 0x0000000086d00000|100%| O|  |TAMS 0x0000000086d00000, 0x0000000086d00000| Untracked 
| 109|0x0000000086d00000, 0x0000000086e00000, 0x0000000086e00000|100%| O|  |TAMS 0x0000000086e00000, 0x0000000086e00000| Untracked 
| 110|0x0000000086e00000, 0x0000000086f00000, 0x0000000086f00000|100%| O|  |TAMS 0x0000000086f00000, 0x0000000086f00000| Untracked 
| 111|0x0000000086f00000, 0x0000000087000000, 0x0000000087000000|100%|HS|  |TAMS 0x0000000087000000, 0x0000000087000000| Complete 
| 112|0x0000000087000000, 0x0000000087100000, 0x0000000087100000|100%|HC|  |TAMS 0x0000000087100000, 0x0000000087100000| Complete 
| 113|0x0000000087100000, 0x0000000087200000, 0x0000000087200000|100%|HC|  |TAMS 0x0000000087200000, 0x0000000087200000| Complete 
| 114|0x0000000087200000, 0x0000000087300000, 0x0000000087300000|100%| O|  |TAMS 0x0000000087300000, 0x0000000087300000| Untracked 
| 115|0x0000000087300000, 0x0000000087400000, 0x0000000087400000|100%| O|  |TAMS 0x0000000087400000, 0x0000000087400000| Untracked 
| 116|0x0000000087400000, 0x0000000087500000, 0x0000000087500000|100%| O|  |TAMS 0x0000000087500000, 0x0000000087500000| Untracked 
| 117|0x0000000087500000, 0x0000000087600000, 0x0000000087600000|100%| O|  |TAMS 0x0000000087600000, 0x0000000087600000| Untracked 
| 118|0x0000000087600000, 0x0000000087700000, 0x0000000087700000|100%| O|  |TAMS 0x0000000087700000, 0x0000000087700000| Untracked 
| 119|0x0000000087700000, 0x0000000087800000, 0x0000000087800000|100%| O|  |TAMS 0x0000000087800000, 0x0000000087800000| Untracked 
| 120|0x0000000087800000, 0x0000000087900000, 0x0000000087900000|100%|HS|  |TAMS 0x0000000087900000, 0x0000000087900000| Complete 
| 121|0x0000000087900000, 0x0000000087a00000, 0x0000000087a00000|100%|HS|  |TAMS 0x0000000087a00000, 0x0000000087a00000| Complete 
| 122|0x0000000087a00000, 0x0000000087b00000, 0x0000000087b00000|100%| O|  |TAMS 0x0000000087b00000, 0x0000000087b00000| Untracked 
| 123|0x0000000087b00000, 0x0000000087c00000, 0x0000000087c00000|100%| O|  |TAMS 0x0000000087c00000, 0x0000000087c00000| Untracked 
| 124|0x0000000087c00000, 0x0000000087d00000, 0x0000000087d00000|100%| O|  |TAMS 0x0000000087d00000, 0x0000000087d00000| Untracked 
| 125|0x0000000087d00000, 0x0000000087e00000, 0x0000000087e00000|100%| O|  |TAMS 0x0000000087e00000, 0x0000000087e00000| Untracked 
| 126|0x0000000087e00000, 0x0000000087f00000, 0x0000000087f00000|100%| O|  |TAMS 0x0000000087f00000, 0x0000000087f00000| Untracked 
| 127|0x0000000087f00000, 0x0000000088000000, 0x0000000088000000|100%| O|  |TAMS 0x0000000088000000, 0x0000000088000000| Untracked 
| 128|0x0000000088000000, 0x0000000088100000, 0x0000000088100000|100%| O|  |TAMS 0x00000000880f4600, 0x0000000088100000| Untracked 
| 129|0x0000000088100000, 0x0000000088200000, 0x0000000088200000|100%| O|  |TAMS 0x0000000088100000, 0x0000000088200000| Untracked 
| 130|0x0000000088200000, 0x000000008820a800, 0x0000000088300000|  4%| O|  |TAMS 0x0000000088200000, 0x000000008820a800| Untracked 
| 131|0x0000000088300000, 0x0000000088300000, 0x0000000088400000|  0%| F|  |TAMS 0x0000000088300000, 0x0000000088300000| Untracked 
| 132|0x0000000088400000, 0x0000000088400000, 0x0000000088500000|  0%| F|  |TAMS 0x0000000088400000, 0x0000000088400000| Untracked 
| 133|0x0000000088500000, 0x0000000088500000, 0x0000000088600000|  0%| F|  |TAMS 0x0000000088500000, 0x0000000088500000| Untracked 
| 134|0x0000000088600000, 0x0000000088600000, 0x0000000088700000|  0%| F|  |TAMS 0x0000000088600000, 0x0000000088600000| Untracked 
| 135|0x0000000088700000, 0x0000000088700000, 0x0000000088800000|  0%| F|  |TAMS 0x0000000088700000, 0x0000000088700000| Untracked 
| 136|0x0000000088800000, 0x0000000088800000, 0x0000000088900000|  0%| F|  |TAMS 0x0000000088800000, 0x0000000088800000| Untracked 
| 137|0x0000000088900000, 0x0000000088900000, 0x0000000088a00000|  0%| F|  |TAMS 0x0000000088900000, 0x0000000088900000| Untracked 
| 138|0x0000000088a00000, 0x0000000088a00000, 0x0000000088b00000|  0%| F|  |TAMS 0x0000000088a00000, 0x0000000088a00000| Untracked 
| 139|0x0000000088b00000, 0x0000000088b00000, 0x0000000088c00000|  0%| F|  |TAMS 0x0000000088b00000, 0x0000000088b00000| Untracked 
| 140|0x0000000088c00000, 0x0000000088c00000, 0x0000000088d00000|  0%| F|  |TAMS 0x0000000088c00000, 0x0000000088c00000| Untracked 
| 141|0x0000000088d00000, 0x0000000088d00000, 0x0000000088e00000|  0%| F|  |TAMS 0x0000000088d00000, 0x0000000088d00000| Untracked 
| 142|0x0000000088e00000, 0x0000000088e00000, 0x0000000088f00000|  0%| F|  |TAMS 0x0000000088e00000, 0x0000000088e00000| Untracked 
| 143|0x0000000088f00000, 0x0000000088f00000, 0x0000000089000000|  0%| F|  |TAMS 0x0000000088f00000, 0x0000000088f00000| Untracked 
| 144|0x0000000089000000, 0x0000000089000000, 0x0000000089100000|  0%| F|  |TAMS 0x0000000089000000, 0x0000000089000000| Untracked 
| 145|0x0000000089100000, 0x0000000089100000, 0x0000000089200000|  0%| F|  |TAMS 0x0000000089100000, 0x0000000089100000| Untracked 
| 146|0x0000000089200000, 0x0000000089200000, 0x0000000089300000|  0%| F|  |TAMS 0x0000000089200000, 0x0000000089200000| Untracked 
| 147|0x0000000089300000, 0x0000000089300000, 0x0000000089400000|  0%| F|  |TAMS 0x0000000089300000, 0x0000000089300000| Untracked 
| 148|0x0000000089400000, 0x0000000089400000, 0x0000000089500000|  0%| F|  |TAMS 0x0000000089400000, 0x0000000089400000| Untracked 
| 149|0x0000000089500000, 0x0000000089500000, 0x0000000089600000|  0%| F|  |TAMS 0x0000000089500000, 0x0000000089500000| Untracked 
| 150|0x0000000089600000, 0x0000000089600000, 0x0000000089700000|  0%| F|  |TAMS 0x0000000089600000, 0x0000000089600000| Untracked 
| 151|0x0000000089700000, 0x0000000089700000, 0x0000000089800000|  0%| F|  |TAMS 0x0000000089700000, 0x0000000089700000| Untracked 
| 152|0x0000000089800000, 0x0000000089800000, 0x0000000089900000|  0%| F|  |TAMS 0x0000000089800000, 0x0000000089800000| Untracked 
| 153|0x0000000089900000, 0x0000000089900000, 0x0000000089a00000|  0%| F|  |TAMS 0x0000000089900000, 0x0000000089900000| Untracked 
| 154|0x0000000089a00000, 0x0000000089a00000, 0x0000000089b00000|  0%| F|  |TAMS 0x0000000089a00000, 0x0000000089a00000| Untracked 
| 155|0x0000000089b00000, 0x0000000089b00000, 0x0000000089c00000|  0%| F|  |TAMS 0x0000000089b00000, 0x0000000089b00000| Untracked 
| 156|0x0000000089c00000, 0x0000000089c00000, 0x0000000089d00000|  0%| F|  |TAMS 0x0000000089c00000, 0x0000000089c00000| Untracked 
| 157|0x0000000089d00000, 0x0000000089d00000, 0x0000000089e00000|  0%| F|  |TAMS 0x0000000089d00000, 0x0000000089d00000| Untracked 
| 158|0x0000000089e00000, 0x0000000089e00000, 0x0000000089f00000|  0%| F|  |TAMS 0x0000000089e00000, 0x0000000089e00000| Untracked 
| 159|0x0000000089f00000, 0x0000000089f00000, 0x000000008a000000|  0%| F|  |TAMS 0x0000000089f00000, 0x0000000089f00000| Untracked 
| 160|0x000000008a000000, 0x000000008a000000, 0x000000008a100000|  0%| F|  |TAMS 0x000000008a000000, 0x000000008a000000| Untracked 
| 161|0x000000008a100000, 0x000000008a100000, 0x000000008a200000|  0%| F|  |TAMS 0x000000008a100000, 0x000000008a100000| Untracked 
| 162|0x000000008a200000, 0x000000008a26d8c0, 0x000000008a300000| 42%| S|CS|TAMS 0x000000008a200000, 0x000000008a200000| Complete 
| 163|0x000000008a300000, 0x000000008a300000, 0x000000008a400000|  0%| F|  |TAMS 0x000000008a300000, 0x000000008a300000| Untracked 
| 164|0x000000008a400000, 0x000000008a500000, 0x000000008a500000|100%| S|CS|TAMS 0x000000008a400000, 0x000000008a400000| Complete 
| 165|0x000000008a500000, 0x000000008a600000, 0x000000008a600000|100%| S|CS|TAMS 0x000000008a500000, 0x000000008a500000| Complete 
| 166|0x000000008a600000, 0x000000008a600000, 0x000000008a700000|  0%| F|  |TAMS 0x000000008a600000, 0x000000008a600000| Untracked 
| 167|0x000000008a700000, 0x000000008a700000, 0x000000008a800000|  0%| F|  |TAMS 0x000000008a700000, 0x000000008a700000| Untracked 
| 168|0x000000008a800000, 0x000000008a800000, 0x000000008a900000|  0%| F|  |TAMS 0x000000008a800000, 0x000000008a800000| Untracked 
| 169|0x000000008a900000, 0x000000008a900000, 0x000000008aa00000|  0%| F|  |TAMS 0x000000008a900000, 0x000000008a900000| Untracked 
| 170|0x000000008aa00000, 0x000000008aa00000, 0x000000008ab00000|  0%| F|  |TAMS 0x000000008aa00000, 0x000000008aa00000| Untracked 
| 171|0x000000008ab00000, 0x000000008ab00000, 0x000000008ac00000|  0%| F|  |TAMS 0x000000008ab00000, 0x000000008ab00000| Untracked 
| 172|0x000000008ac00000, 0x000000008ac00000, 0x000000008ad00000|  0%| F|  |TAMS 0x000000008ac00000, 0x000000008ac00000| Untracked 
| 173|0x000000008ad00000, 0x000000008ad00000, 0x000000008ae00000|  0%| F|  |TAMS 0x000000008ad00000, 0x000000008ad00000| Untracked 
| 174|0x000000008ae00000, 0x000000008ae00000, 0x000000008af00000|  0%| F|  |TAMS 0x000000008ae00000, 0x000000008ae00000| Untracked 
| 175|0x000000008af00000, 0x000000008af00000, 0x000000008b000000|  0%| F|  |TAMS 0x000000008af00000, 0x000000008af00000| Untracked 
| 176|0x000000008b000000, 0x000000008b000000, 0x000000008b100000|  0%| F|  |TAMS 0x000000008b000000, 0x000000008b000000| Untracked 
| 177|0x000000008b100000, 0x000000008b100000, 0x000000008b200000|  0%| F|  |TAMS 0x000000008b100000, 0x000000008b100000| Untracked 
| 178|0x000000008b200000, 0x000000008b200000, 0x000000008b300000|  0%| F|  |TAMS 0x000000008b200000, 0x000000008b200000| Untracked 
| 179|0x000000008b300000, 0x000000008b300000, 0x000000008b400000|  0%| F|  |TAMS 0x000000008b300000, 0x000000008b300000| Untracked 
| 180|0x000000008b400000, 0x000000008b400000, 0x000000008b500000|  0%| F|  |TAMS 0x000000008b400000, 0x000000008b400000| Untracked 
| 181|0x000000008b500000, 0x000000008b500000, 0x000000008b600000|  0%| F|  |TAMS 0x000000008b500000, 0x000000008b500000| Untracked 
| 182|0x000000008b600000, 0x000000008b600000, 0x000000008b700000|  0%| F|  |TAMS 0x000000008b600000, 0x000000008b600000| Untracked 

Card table byte_map: [0x00000208e1d10000,0x00000208e2110000] _byte_map_base: 0x00000208e1910000

Marking Bits (Prev, Next): (CMBitMap*) 0x00000208ced8b648, (CMBitMap*) 0x00000208ced8b680
 Prev Bits: [0x00000208e2510000, 0x00000208e4510000)
 Next Bits: [0x00000208e4510000, 0x00000208e6510000)

Polling page: 0x00000208ce520000

Metaspace:

Usage:
  Non-class:     83.74 MB capacity,    81.89 MB ( 98%) used,     1.54 MB (  2%) free+waste,   315.12 KB ( <1%) overhead. 
      Class:     14.01 MB capacity,    12.72 MB ( 91%) used,     1.15 MB (  8%) free+waste,   147.19 KB (  1%) overhead. 
       Both:     97.75 MB capacity,    94.61 MB ( 97%) used,     2.69 MB (  3%) free+waste,   462.31 KB ( <1%) overhead. 

Virtual space:
  Non-class space:       84.00 MB reserved,      83.84 MB (>99%) committed 
      Class space:      504.00 MB reserved,      14.12 MB (  3%) committed 
             Both:      588.00 MB reserved,      97.96 MB ( 17%) committed 

Chunk freelists:
   Non-Class:  41.00 KB
       Class:  19.00 KB
        Both:  60.00 KB

MaxMetaspaceSize: 512.00 MB
CompressedClassSpaceSize: 504.00 MB
Initial GC threshold: 20.80 MB
Current GC threshold: 160.78 MB
CDS: off

CodeHeap 'non-profiled nmethods': size=120000Kb used=5409Kb max_used=5409Kb free=114591Kb
 bounds [0x00000208da0b0000, 0x00000208da600000, 0x00000208e15e0000]
CodeHeap 'profiled nmethods': size=120000Kb used=23534Kb max_used=23534Kb free=96465Kb
 bounds [0x00000208d2b80000, 0x00000208d4280000, 0x00000208da0b0000]
CodeHeap 'non-nmethods': size=5760Kb used=2399Kb max_used=2450Kb free=3360Kb
 bounds [0x00000208d25e0000, 0x00000208d2850000, 0x00000208d2b80000]
 total_blobs=12279 nmethods=11348 adapters=843
 compilation: enabled
              stopped_count=0, restarted_count=0
 full_count=0

Compilation events (20 events):
Event: 57.906 Thread 0x00000208e98a8800 11549       1       org.gradle.api.internal.AbstractTask$TaskInfo::access$000 (5 bytes)
Event: 57.906 Thread 0x00000208e98a8800 nmethod 11549 0x00000208da5f6f10 code [0x00000208da5f70c0, 0x00000208da5f7158]
Event: 57.906 Thread 0x00000208e98a8800 11550       1       org.gradle.api.internal.AbstractTask$TaskInfo::access$100 (5 bytes)
Event: 57.906 Thread 0x00000208e98a8800 nmethod 11550 0x00000208da5f7210 code [0x00000208da5f73c0, 0x00000208da5f7458]
Event: 57.906 Thread 0x00000208e98a8800 11551       1       org.gradle.api.internal.project.taskfactory.TaskClassInfo::getTaskActionFactories (5 bytes)
Event: 57.906 Thread 0x00000208e98a8800 nmethod 11551 0x00000208da5f7510 code [0x00000208da5f76c0, 0x00000208da5f7778]
Event: 57.906 Thread 0x00000208e98a8800 11552       1       org.gradle.api.internal.project.taskfactory.TaskClassInfo::isCacheable (5 bytes)
Event: 57.906 Thread 0x00000208e98a8800 nmethod 11552 0x00000208da5f7810 code [0x00000208da5f79c0, 0x00000208da5f7a78]
Event: 57.906 Thread 0x00000208e98a8800 11553       1       org.gradle.api.internal.project.taskfactory.TaskClassInfo::getReasonNotToTrackState (5 bytes)
Event: 57.906 Thread 0x00000208e98a8800 nmethod 11553 0x00000208da5f7b10 code [0x00000208da5f7cc0, 0x00000208da5f7d78]
Event: 57.908 Thread 0x00000208e98a8800 11554       2       org.gradle.internal.instantiation.generator.ManagedObjectFactory::newInstance (121 bytes)
Event: 57.909 Thread 0x00000208e98a8800 nmethod 11554 0x00000208d4279b10 code [0x00000208d4279e60, 0x00000208d427a9f8]
Event: 57.910 Thread 0x00000208e98a8800 11555       2       org.gradle.api.services.internal.DefaultBuildServicesRegistry$DefaultServiceRegistration_Decorated::getService (47 bytes)
Event: 57.911 Thread 0x00000208e98a8800 nmethod 11555 0x00000208d427af10 code [0x00000208d427b100, 0x00000208d427b418]
Event: 57.911 Thread 0x00000208e98a8800 11556       2       org.gradle.api.internal.provider.ValueSupplier$FixedSideEffect::of (31 bytes)
Event: 57.911 Thread 0x00000208e98a8800 nmethod 11556 0x00000208d427b610 code [0x00000208d427b7c0, 0x00000208d427ba58]
Event: 57.911 Thread 0x00000208e98a8800 11557       1       org.gradle.api.internal.tasks.DefaultTaskContainer::access$1700 (5 bytes)
Event: 57.911 Thread 0x00000208e98a8800 nmethod 11557 0x00000208da5f7e10 code [0x00000208da5f7fc0, 0x00000208da5f8058]
Event: 57.911 Thread 0x00000208e98a8800 11558       1       org.gradle.api.internal.tasks.DefaultTaskContainer$TaskCreatingProvider::access$1600 (5 bytes)
Event: 57.911 Thread 0x00000208e98a8800 nmethod 11558 0x00000208da5f8110 code [0x00000208da5f82c0, 0x00000208da5f8358]

GC Heap History (20 events):
Event: 56.281 GC heap after
{Heap after GC invocations=49 (full 0):
 garbage-first heap   total 129024K, used 119831K [0x0000000080000000, 0x0000000100000000)
  region size 1024K, 1 young (1024K), 1 survivors (1024K)
 Metaspace       used 93365K, capacity 96188K, committed 96476K, reserved 600064K
  class space    used 12522K, capacity 13647K, committed 13692K, reserved 516096K
}
Event: 56.378 GC heap before
{Heap before GC invocations=50 (full 0):
 garbage-first heap   total 129024K, used 124951K [0x0000000080000000, 0x0000000100000000)
  region size 1024K, 6 young (6144K), 1 survivors (1024K)
 Metaspace       used 93476K, capacity 96296K, committed 96604K, reserved 600064K
  class space    used 12534K, capacity 13682K, committed 13820K, reserved 516096K
}
Event: 56.380 GC heap after
{Heap after GC invocations=51 (full 0):
 garbage-first heap   total 129024K, used 120563K [0x0000000080000000, 0x0000000100000000)
  region size 1024K, 1 young (1024K), 1 survivors (1024K)
 Metaspace       used 93476K, capacity 96296K, committed 96604K, reserved 600064K
  class space    used 12534K, capacity 13682K, committed 13820K, reserved 516096K
}
Event: 56.494 GC heap before
{Heap before GC invocations=51 (full 0):
 garbage-first heap   total 129024K, used 125683K [0x0000000080000000, 0x0000000100000000)
  region size 1024K, 6 young (6144K), 1 survivors (1024K)
 Metaspace       used 93570K, capacity 96496K, committed 96604K, reserved 600064K
  class space    used 12544K, capacity 13725K, committed 13820K, reserved 516096K
}
Event: 56.497 GC heap after
{Heap after GC invocations=52 (full 0):
 garbage-first heap   total 155648K, used 121613K [0x0000000080000000, 0x0000000100000000)
  region size 1024K, 1 young (1024K), 1 survivors (1024K)
 Metaspace       used 93570K, capacity 96496K, committed 96604K, reserved 600064K
  class space    used 12544K, capacity 13725K, committed 13820K, reserved 516096K
}
Event: 56.728 GC heap before
{Heap before GC invocations=53 (full 0):
 garbage-first heap   total 155648K, used 128781K [0x0000000080000000, 0x0000000100000000)
  region size 1024K, 8 young (8192K), 1 survivors (1024K)
 Metaspace       used 93621K, capacity 96570K, committed 96860K, reserved 600064K
  class space    used 12546K, capacity 13727K, committed 13820K, reserved 516096K
}
Event: 56.731 GC heap after
{Heap after GC invocations=54 (full 0):
 garbage-first heap   total 155648K, used 122420K [0x0000000080000000, 0x0000000100000000)
  region size 1024K, 1 young (1024K), 1 survivors (1024K)
 Metaspace       used 93621K, capacity 96570K, committed 96860K, reserved 600064K
  class space    used 12546K, capacity 13727K, committed 13820K, reserved 516096K
}
Event: 56.781 GC heap before
{Heap before GC invocations=54 (full 0):
 garbage-first heap   total 155648K, used 128564K [0x0000000080000000, 0x0000000100000000)
  region size 1024K, 8 young (8192K), 1 survivors (1024K)
 Metaspace       used 93623K, capacity 96571K, committed 96860K, reserved 600064K
  class space    used 12546K, capacity 13727K, committed 13820K, reserved 516096K
}
Event: 56.783 GC heap after
{Heap after GC invocations=55 (full 0):
 garbage-first heap   total 155648K, used 122721K [0x0000000080000000, 0x0000000100000000)
  region size 1024K, 1 young (1024K), 1 survivors (1024K)
 Metaspace       used 93623K, capacity 96571K, committed 96860K, reserved 600064K
  class space    used 12546K, capacity 13727K, committed 13820K, reserved 516096K
}
Event: 56.988 GC heap before
{Heap before GC invocations=56 (full 0):
 garbage-first heap   total 155648K, used 130913K [0x0000000080000000, 0x0000000100000000)
  region size 1024K, 8 young (8192K), 1 survivors (1024K)
 Metaspace       used 93653K, capacity 96660K, committed 96860K, reserved 600064K
  class space    used 12551K, capacity 13734K, committed 13820K, reserved 516096K
}
Event: 56.990 GC heap after
{Heap after GC invocations=57 (full 0):
 garbage-first heap   total 155648K, used 128267K [0x0000000080000000, 0x0000000100000000)
  region size 1024K, 1 young (1024K), 1 survivors (1024K)
 Metaspace       used 93653K, capacity 96660K, committed 96860K, reserved 600064K
  class space    used 12551K, capacity 13734K, committed 13820K, reserved 516096K
}
Event: 57.088 GC heap before
{Heap before GC invocations=57 (full 0):
 garbage-first heap   total 155648K, used 134411K [0x0000000080000000, 0x0000000100000000)
  region size 1024K, 7 young (7168K), 1 survivors (1024K)
 Metaspace       used 93761K, capacity 96700K, committed 96860K, reserved 600064K
  class space    used 12565K, capacity 13769K, committed 13820K, reserved 516096K
}
Event: 57.091 GC heap after
{Heap after GC invocations=58 (full 0):
 garbage-first heap   total 187392K, used 130274K [0x0000000080000000, 0x0000000100000000)
  region size 1024K, 1 young (1024K), 1 survivors (1024K)
 Metaspace       used 93761K, capacity 96700K, committed 96860K, reserved 600064K
  class space    used 12565K, capacity 13769K, committed 13820K, reserved 516096K
}
Event: 57.342 GC heap before
{Heap before GC invocations=59 (full 0):
 garbage-first heap   total 187392K, used 145634K [0x0000000080000000, 0x0000000100000000)
  region size 1024K, 16 young (16384K), 1 survivors (1024K)
 Metaspace       used 94169K, capacity 97245K, committed 97500K, reserved 600064K
  class space    used 12628K, capacity 13864K, committed 13948K, reserved 516096K
}
Event: 57.347 GC heap after
{Heap after GC invocations=60 (full 0):
 garbage-first heap   total 187392K, used 132920K [0x0000000080000000, 0x0000000100000000)
  region size 1024K, 2 young (2048K), 2 survivors (2048K)
 Metaspace       used 94169K, capacity 97245K, committed 97500K, reserved 600064K
  class space    used 12628K, capacity 13864K, committed 13948K, reserved 516096K
}
Event: 57.530 GC heap before
{Heap before GC invocations=60 (full 0):
 garbage-first heap   total 187392K, used 148280K [0x0000000080000000, 0x0000000100000000)
  region size 1024K, 17 young (17408K), 2 survivors (2048K)
 Metaspace       used 94932K, capacity 98057K, committed 98140K, reserved 602112K
  class space    used 12754K, capacity 14041K, committed 14076K, reserved 516096K
}
Event: 57.534 GC heap after
{Heap after GC invocations=61 (full 0):
 garbage-first heap   total 187392K, used 133788K [0x0000000080000000, 0x0000000100000000)
  region size 1024K, 2 young (2048K), 2 survivors (2048K)
 Metaspace       used 94932K, capacity 98057K, committed 98140K, reserved 602112K
  class space    used 12754K, capacity 14041K, committed 14076K, reserved 516096K
}
Event: 57.800 GC heap before
{Heap before GC invocations=62 (full 0):
 garbage-first heap   total 187392K, used 150172K [0x0000000080000000, 0x0000000100000000)
  region size 1024K, 18 young (18432K), 2 survivors (2048K)
 Metaspace       used 95866K, capacity 99022K, committed 99420K, reserved 602112K
  class space    used 12885K, capacity 14184K, committed 14332K, reserved 516096K
}
Event: 57.804 GC heap after
{Heap after GC invocations=63 (full 0):
 garbage-first heap   total 187392K, used 134718K [0x0000000080000000, 0x0000000100000000)
  region size 1024K, 2 young (2048K), 2 survivors (2048K)
 Metaspace       used 95866K, capacity 99022K, committed 99420K, reserved 602112K
  class space    used 12885K, capacity 14184K, committed 14332K, reserved 516096K
}
Event: 57.913 GC heap before
{Heap before GC invocations=63 (full 0):
 garbage-first heap   total 187392K, used 151102K [0x0000000080000000, 0x0000000100000000)
  region size 1024K, 18 young (18432K), 2 survivors (2048K)
 Metaspace       used 96881K, capacity 100100K, committed 100316K, reserved 602112K
  class space    used 13024K, capacity 14349K, committed 14460K, reserved 516096K
}

Deoptimization events (20 events):
Event: 57.400 Thread 0x00000208eaf85000 DEOPT PACKING pc=0x00000208d35b52d6 sp=0x00000011cb0f92c0
Event: 57.400 Thread 0x00000208eaf85000 DEOPT UNPACKING pc=0x00000208d262a95e sp=0x00000011cb0f8860 mode 0
Event: 57.411 Thread 0x00000208eaf85000 Uncommon trap: trap_request=0xffffff4d fr.pc=0x00000208da498730 relative=0x0000000000000110
Event: 57.411 Thread 0x00000208eaf85000 Uncommon trap: reason=unstable_if action=reinterpret pc=0x00000208da498730 method=jdk.internal.org.objectweb.asm.ByteVector.putInt(I)Ljdk/internal/org/objectweb/asm/ByteVector; @ 13 c2
Event: 57.411 Thread 0x00000208eaf85000 DEOPT PACKING pc=0x00000208da498730 sp=0x00000011cb0f79e0
Event: 57.411 Thread 0x00000208eaf85000 DEOPT UNPACKING pc=0x00000208d262a1af sp=0x00000011cb0f7978 mode 2
Event: 57.513 Thread 0x00000208eaf85000 DEOPT PACKING pc=0x00000208d35b52d6 sp=0x00000011cb0f92c0
Event: 57.513 Thread 0x00000208eaf85000 DEOPT UNPACKING pc=0x00000208d262a95e sp=0x00000011cb0f8860 mode 0
Event: 57.597 Thread 0x00000208eaf85000 DEOPT PACKING pc=0x00000208d35b52d6 sp=0x00000011cb0f9310
Event: 57.597 Thread 0x00000208eaf85000 DEOPT UNPACKING pc=0x00000208d262a95e sp=0x00000011cb0f88b0 mode 0
Event: 57.614 Thread 0x00000208eaf85000 DEOPT PACKING pc=0x00000208d35b52d6 sp=0x00000011cb0f9310
Event: 57.614 Thread 0x00000208eaf85000 DEOPT UNPACKING pc=0x00000208d262a95e sp=0x00000011cb0f88b0 mode 0
Event: 57.668 Thread 0x00000208eaf85000 DEOPT PACKING pc=0x00000208d35b53cd sp=0x00000011cb0f9310
Event: 57.669 Thread 0x00000208eaf85000 DEOPT UNPACKING pc=0x00000208d262a95e sp=0x00000011cb0f88b0 mode 0
Event: 57.742 Thread 0x00000208eaf85000 DEOPT PACKING pc=0x00000208d35b52d6 sp=0x00000011cb0f9310
Event: 57.742 Thread 0x00000208eaf85000 DEOPT UNPACKING pc=0x00000208d262a95e sp=0x00000011cb0f88b0 mode 0
Event: 57.783 Thread 0x00000208eaf85000 DEOPT PACKING pc=0x00000208d35b52fc sp=0x00000011cb0f9310
Event: 57.783 Thread 0x00000208eaf85000 DEOPT UNPACKING pc=0x00000208d262a95e sp=0x00000011cb0f88b0 mode 0
Event: 57.833 Thread 0x00000208eaf85000 DEOPT PACKING pc=0x00000208d35b52fc sp=0x00000011cb0f9310
Event: 57.834 Thread 0x00000208eaf85000 DEOPT UNPACKING pc=0x00000208d262a95e sp=0x00000011cb0f88b0 mode 0

Classes redefined (0 events):
No events

Internal exceptions (20 events):
Event: 56.840 Thread 0x00000208eb366800 Exception <a 'java/security/PrivilegedActionException'{0x00000000894ba2b0}> (0x00000000894ba2b0) thrown at [s\src\hotspot\share\prims\jvm.cpp, line 1306]
Event: 56.840 Thread 0x00000208eb366800 Exception <a 'java/security/PrivilegedActionException'{0x00000000894bbac0}> (0x00000000894bbac0) thrown at [s\src\hotspot\share\prims\jvm.cpp, line 1306]
Event: 56.869 Thread 0x00000208eb366800 Exception <a 'java/security/PrivilegedActionException'{0x0000000089349008}> (0x0000000089349008) thrown at [s\src\hotspot\share\prims\jvm.cpp, line 1306]
Event: 56.869 Thread 0x00000208eb366800 Exception <a 'java/security/PrivilegedActionException'{0x000000008934a818}> (0x000000008934a818) thrown at [s\src\hotspot\share\prims\jvm.cpp, line 1306]
Event: 56.870 Thread 0x00000208eb366800 Exception <a 'java/security/PrivilegedActionException'{0x000000008934dee0}> (0x000000008934dee0) thrown at [s\src\hotspot\share\prims\jvm.cpp, line 1306]
Event: 56.870 Thread 0x00000208eb366800 Exception <a 'java/security/PrivilegedActionException'{0x000000008934f6f0}> (0x000000008934f6f0) thrown at [s\src\hotspot\share\prims\jvm.cpp, line 1306]
Event: 56.870 Thread 0x00000208eb366800 Exception <a 'java/security/PrivilegedActionException'{0x0000000089352e68}> (0x0000000089352e68) thrown at [s\src\hotspot\share\prims\jvm.cpp, line 1306]
Event: 56.870 Thread 0x00000208eb366800 Exception <a 'java/security/PrivilegedActionException'{0x0000000089354678}> (0x0000000089354678) thrown at [s\src\hotspot\share\prims\jvm.cpp, line 1306]
Event: 56.870 Thread 0x00000208eb366800 Exception <a 'java/security/PrivilegedActionException'{0x0000000089357ff0}> (0x0000000089357ff0) thrown at [s\src\hotspot\share\prims\jvm.cpp, line 1306]
Event: 56.870 Thread 0x00000208eb366800 Exception <a 'java/security/PrivilegedActionException'{0x0000000089359800}> (0x0000000089359800) thrown at [s\src\hotspot\share\prims\jvm.cpp, line 1306]
Event: 56.870 Thread 0x00000208eb366800 Exception <a 'java/security/PrivilegedActionException'{0x000000008935cf20}> (0x000000008935cf20) thrown at [s\src\hotspot\share\prims\jvm.cpp, line 1306]
Event: 56.870 Thread 0x00000208eb366800 Exception <a 'java/security/PrivilegedActionException'{0x000000008935e730}> (0x000000008935e730) thrown at [s\src\hotspot\share\prims\jvm.cpp, line 1306]
Event: 56.870 Thread 0x00000208eb366800 Exception <a 'java/security/PrivilegedActionException'{0x0000000089361ea8}> (0x0000000089361ea8) thrown at [s\src\hotspot\share\prims\jvm.cpp, line 1306]
Event: 56.870 Thread 0x00000208eb366800 Exception <a 'java/security/PrivilegedActionException'{0x00000000893636b8}> (0x00000000893636b8) thrown at [s\src\hotspot\share\prims\jvm.cpp, line 1306]
Event: 57.007 Thread 0x00000208eb366800 Exception <a 'java/lang/ClassNotFoundException'{0x0000000089748cb0}: build_3954xdwwxensk9lqt3ic36oh9$_run_closure1BeanInfo> (0x0000000089748cb0) thrown at [s\src\hotspot\share\classfile\systemDictionary.cpp, line 230]
Event: 57.008 Thread 0x00000208eb366800 Exception <a 'java/lang/ClassNotFoundException'{0x00000000897623d0}: build_3954xdwwxensk9lqt3ic36oh9$_run_closure1Customizer> (0x00000000897623d0) thrown at [s\src\hotspot\share\classfile\systemDictionary.cpp, line 230]
Event: 57.293 Thread 0x00000208eaf85000 Exception <a 'java/lang/NoSuchMethodError'{0x000000008abfc6d0}: 'void java.lang.invoke.DirectMethodHandle$Holder.invokeVirtual(java.lang.Object, java.lang.Object)'> (0x000000008abfc6d0) thrown at [s\src\hotspot\share\interpreter\linkResolver.cpp, line 773]
Event: 57.859 Thread 0x00000208eaf85000 Exception <a 'java/lang/NoSuchMethodError'{0x000000008afd7260}: 'java.lang.Object java.lang.invoke.DirectMethodHandle$Holder.invokeStatic(java.lang.Object, java.lang.Object, java.lang.Object, java.lang.Object, java.lang.Object, java.lang.Object, int)'> (0x000000008afd7260) thrown at [s\src\hotspot\share\interpreter\linkResolver.cpp, line 773]
Event: 57.860 Thread 0x00000208eaf85000 Exception <a 'java/lang/NoSuchMethodError'{0x000000008aff2c60}: 'java.lang.Object java.lang.invoke.DirectMethodHandle$Holder.invokeStatic(java.lang.Object, java.lang.Object, java.lang.Object, java.lang.Object, java.lang.Object, java.lang.Object, int, int)'> (0x000000008aff2c60) thrown at [s\src\hotspot\share\interpreter\linkResolver.cpp, line 773]
Event: 57.860 Thread 0x00000208eaf85000 Exception <a 'java/lang/NoSuchMethodError'{0x000000008ae13920}: 'java.lang.Object java.lang.invoke.DirectMethodHandle$Holder.invokeStatic(java.lang.Object, java.lang.Object, java.lang.Object, java.lang.Object, java.lang.Object, java.lang.Object, int, int, java.lang.Object)'> (0x000000008ae13920) thrown at [s\src\hotspot\share\interpreter\linkResolver.cpp, line 773]

Events (20 events):
Event: 57.903 loading class com/android/build/gradle/tasks/PackageAndroidArtifact$SplitterParams done
Event: 57.903 loading class com/android/build/gradle/internal/workeractions/DecoratedWorkParameters
Event: 57.903 loading class com/android/build/gradle/internal/workeractions/DecoratedWorkParameters done
Event: 57.906 loading class com/android/build/gradle/tasks/PackageAndroidArtifact$CreationAction
Event: 57.906 loading class com/android/build/gradle/tasks/PackageAndroidArtifact$CreationAction done
Event: 57.907 loading class com/android/build/gradle/internal/tasks/PerModuleBundleTaskKt
Event: 57.907 loading class com/android/build/gradle/internal/tasks/PerModuleBundleTaskKt done
Event: 57.907 loading class com/android/build/gradle/internal/signing/SigningConfigDataProvider$Companion
Event: 57.907 loading class com/android/build/gradle/internal/signing/SigningConfigDataProvider$Companion done
Event: 57.908 loading class com/android/build/gradle/internal/signing/SigningConfigDataProvider$Companion$create$1
Event: 57.908 loading class com/android/build/gradle/internal/signing/SigningConfigDataProvider$Companion$create$1 done
Event: 57.911 loading class com/android/build/gradle/internal/scope/InternalArtifactType$COMPILE_BUILD_CONFIG_JAR
Event: 57.911 loading class com/android/build/gradle/internal/scope/InternalArtifactType$COMPILE_BUILD_CONFIG_JAR done
Event: 57.911 loading class com/android/builder/testing/api/DeviceConfigProvider
Event: 57.911 loading class com/android/builder/testing/api/DeviceConfigProvider done
Event: 57.911 loading class com/android/build/gradle/internal/testing/ConnectedDeviceProvider
Event: 57.911 loading class com/android/build/gradle/internal/testing/ConnectedDeviceProvider done
Event: 57.912 loading class com/android/builder/testing/api/DeviceException
Event: 57.912 loading class com/android/builder/testing/api/DeviceException done
Event: 57.913 Executing VM operation: G1CollectForAllocation


Dynamic libraries:
0x00007ff70c5c0000 - 0x00007ff70c5ce000 	C:\Program Files\OpenLogic\jre-11.0.20.8-hotspot\bin\java.exe
0x00007ffddddd0000 - 0x00007ffdddfc8000 	C:\Windows\SYSTEM32\ntdll.dll
0x00007ffddd580000 - 0x00007ffddd63d000 	C:\Windows\System32\KERNEL32.DLL
0x00007ffddb630000 - 0x00007ffddb926000 	C:\Windows\System32\KERNELBASE.dll
0x00007ffddb530000 - 0x00007ffddb630000 	C:\Windows\System32\ucrtbase.dll
0x00007ffdc82b0000 - 0x00007ffdc82cb000 	C:\Program Files\OpenLogic\jre-11.0.20.8-hotspot\bin\VCRUNTIME140.dll
0x00007ffdc75f0000 - 0x00007ffdc7607000 	C:\Program Files\OpenLogic\jre-11.0.20.8-hotspot\bin\jli.dll
0x00007ffddd9e0000 - 0x00007ffdddb7e000 	C:\Windows\System32\USER32.dll
0x00007ffddb4b0000 - 0x00007ffddb4d2000 	C:\Windows\System32\win32u.dll
0x00007ffddd9b0000 - 0x00007ffddd9dc000 	C:\Windows\System32\GDI32.dll
0x00007ffddb930000 - 0x00007ffddba4a000 	C:\Windows\System32\gdi32full.dll
0x00007ffddbb70000 - 0x00007ffddbc0d000 	C:\Windows\System32\msvcp_win.dll
0x00007ffdc8eb0000 - 0x00007ffdc914a000 	C:\Windows\WinSxS\amd64_microsoft.windows.common-controls_6595b64144ccf1df_6.0.19041.1110_none_60b5254171f9507e\COMCTL32.dll
0x00007ffddd7e0000 - 0x00007ffddd87e000 	C:\Windows\System32\msvcrt.dll
0x00007ffdddb80000 - 0x00007ffdddbb0000 	C:\Windows\System32\IMM32.DLL
0x00007ffdd38c0000 - 0x00007ffdd38cc000 	C:\Program Files\OpenLogic\jre-11.0.20.8-hotspot\bin\vcruntime140_1.dll
0x00007ffd869a0000 - 0x00007ffd86a2d000 	C:\Program Files\OpenLogic\jre-11.0.20.8-hotspot\bin\msvcp140.dll
0x00007ffd72790000 - 0x00007ffd732dd000 	C:\Program Files\OpenLogic\jre-11.0.20.8-hotspot\bin\server\jvm.dll
0x00007ffddc1f0000 - 0x00007ffddc29e000 	C:\Windows\System32\ADVAPI32.dll
0x00007ffdddce0000 - 0x00007ffdddd7c000 	C:\Windows\System32\sechost.dll
0x00007ffddc300000 - 0x00007ffddc426000 	C:\Windows\System32\RPCRT4.dll
0x00007ffdddd80000 - 0x00007ffdddd88000 	C:\Windows\System32\PSAPI.DLL
0x00007ffda3690000 - 0x00007ffda3699000 	C:\Windows\SYSTEM32\WSOCK32.dll
0x00007ffdc3f90000 - 0x00007ffdc3fb7000 	C:\Windows\SYSTEM32\WINMM.dll
0x00007ffdd0f60000 - 0x00007ffdd0f6a000 	C:\Windows\SYSTEM32\VERSION.dll
0x00007ffddd760000 - 0x00007ffddd7cb000 	C:\Windows\System32\WS2_32.dll
0x00007ffdd9d20000 - 0x00007ffdd9d32000 	C:\Windows\SYSTEM32\kernel.appcore.dll
0x00007ffdcb0f0000 - 0x00007ffdcb100000 	C:\Program Files\OpenLogic\jre-11.0.20.8-hotspot\bin\verify.dll
0x00007ffdd9240000 - 0x00007ffdd9424000 	C:\Windows\SYSTEM32\DBGHELP.DLL
0x00007ffdc7830000 - 0x00007ffdc7864000 	C:\Windows\SYSTEM32\dbgcore.DLL
0x00007ffddbd70000 - 0x00007ffddbdf2000 	C:\Windows\System32\bcryptPrimitives.dll
0x00007ffd8eca0000 - 0x00007ffd8ecc8000 	C:\Program Files\OpenLogic\jre-11.0.20.8-hotspot\bin\java.dll
0x00007ffdc7780000 - 0x00007ffdc778a000 	C:\Program Files\OpenLogic\jre-11.0.20.8-hotspot\bin\jimage.dll
0x00007ffdc3210000 - 0x00007ffdc3228000 	C:\Program Files\OpenLogic\jre-11.0.20.8-hotspot\bin\zip.dll
0x00007ffddc960000 - 0x00007ffddd0a5000 	C:\Windows\System32\SHELL32.dll
0x00007ffdd9520000 - 0x00007ffdd9cbb000 	C:\Windows\SYSTEM32\windows.storage.dll
0x00007ffddc550000 - 0x00007ffddc8a4000 	C:\Windows\System32\combase.dll
0x00007ffddaef0000 - 0x00007ffddaf1e000 	C:\Windows\SYSTEM32\Wldp.dll
0x00007ffddbe30000 - 0x00007ffddbedd000 	C:\Windows\System32\SHCORE.dll
0x00007ffddc2a0000 - 0x00007ffddc2f5000 	C:\Windows\System32\shlwapi.dll
0x00007ffddb3e0000 - 0x00007ffddb405000 	C:\Windows\SYSTEM32\profapi.dll
0x00007ffdc2d20000 - 0x00007ffdc2d39000 	C:\Program Files\OpenLogic\jre-11.0.20.8-hotspot\bin\net.dll
0x00007ffdd2a10000 - 0x00007ffdd2b1a000 	C:\Windows\SYSTEM32\WINHTTP.dll
0x00007ffddac50000 - 0x00007ffddacba000 	C:\Windows\system32\mswsock.dll
0x00007ffdc2c00000 - 0x00007ffdc2c12000 	C:\Program Files\OpenLogic\jre-11.0.20.8-hotspot\bin\nio.dll
0x00007ffd7b000000 - 0x00007ffd7b027000 	C:\Users\ASUS\.gradle\native\68d5fa5c4cc2d200863cafc0d521ce42e7d3e7ee720ec0a83991735586a16f82\windows-amd64\native-platform.dll
0x00007ffd50690000 - 0x00007ffd507d4000 	C:\Users\ASUS\.gradle\native\e376f236ea51e6404a007f0833ffe2c6e607c4080706a723a18a27aeea778392\windows-amd64\native-platform-file-events.dll
0x00007ffdc0ca0000 - 0x00007ffdc0ca9000 	C:\Program Files\OpenLogic\jre-11.0.20.8-hotspot\bin\management.dll
0x00007ffdbcc50000 - 0x00007ffdbcc5b000 	C:\Program Files\OpenLogic\jre-11.0.20.8-hotspot\bin\management_ext.dll
0x00007ffddae40000 - 0x00007ffddae58000 	C:\Windows\SYSTEM32\CRYPTSP.dll
0x00007ffdda4f0000 - 0x00007ffdda524000 	C:\Windows\system32\rsaenh.dll
0x00007ffddbe00000 - 0x00007ffddbe27000 	C:\Windows\System32\bcrypt.dll
0x00007ffddb3a0000 - 0x00007ffddb3ce000 	C:\Windows\SYSTEM32\USERENV.dll
0x00007ffddae60000 - 0x00007ffddae6c000 	C:\Windows\SYSTEM32\CRYPTBASE.dll
0x00007ffdda8f0000 - 0x00007ffdda92b000 	C:\Windows\SYSTEM32\IPHLPAPI.DLL
0x00007ffddc4c0000 - 0x00007ffddc4c8000 	C:\Windows\System32\NSI.dll
0x00007ffdd1020000 - 0x00007ffdd1037000 	C:\Windows\SYSTEM32\dhcpcsvc6.DLL
0x00007ffdd0f00000 - 0x00007ffdd0f1d000 	C:\Windows\SYSTEM32\dhcpcsvc.DLL
0x00007ffdda940000 - 0x00007ffddaa0a000 	C:\Windows\SYSTEM32\DNSAPI.dll

dbghelp: loaded successfully - version: 4.0.5 - missing functions: none
symbol engine: initialized successfully - sym options: 0x614 - pdb path: .;C:\Program Files\OpenLogic\jre-11.0.20.8-hotspot\bin;C:\Windows\SYSTEM32;C:\Windows\WinSxS\amd64_microsoft.windows.common-controls_6595b64144ccf1df_6.0.19041.1110_none_60b5254171f9507e;C:\Program Files\OpenLogic\jre-11.0.20.8-hotspot\bin\server;C:\Users\ASUS\.gradle\native\68d5fa5c4cc2d200863cafc0d521ce42e7d3e7ee720ec0a83991735586a16f82\windows-amd64;C:\Users\ASUS\.gradle\native\e376f236ea51e6404a007f0833ffe2c6e607c4080706a723a18a27aeea778392\windows-amd64

VM Arguments:
jvm_args: -XX:MaxMetaspaceSize=512m --add-opens=java.base/java.util=ALL-UNNAMED --add-opens=java.base/java.lang=ALL-UNNAMED --add-opens=java.base/java.lang.invoke=ALL-UNNAMED --add-opens=java.prefs/java.util.prefs=ALL-UNNAMED --add-opens=java.base/java.nio.charset=ALL-UNNAMED --add-opens=java.base/java.net=ALL-UNNAMED --add-opens=java.base/java.util.concurrent.atomic=ALL-UNNAMED -Xmx2048m -Dfile.encoding=windows-1252 -Duser.country=GB -Duser.language=en -Duser.variant 
java_command: org.gradle.launcher.daemon.bootstrap.GradleDaemon 7.6.2
java_class_path (initial): C:\Users\ASUS\.gradle\wrapper\dists\gradle-7.6.2-all\8en97gaf649d34afk162o9j9e\gradle-7.6.2\lib\gradle-launcher-7.6.2.jar
Launcher Type: SUN_STANDARD

[Global flags]
     intx CICompilerCount                          = 4                                         {product} {ergonomic}
   size_t CompressedClassSpaceSize                 = 528482304                                 {product} {ergonomic}
     uint ConcGCThreads                            = 2                                         {product} {ergonomic}
     uint G1ConcRefinementThreads                  = 8                                         {product} {ergonomic}
   size_t G1HeapRegionSize                         = 1048576                                   {product} {ergonomic}
    uintx GCDrainStackTargetSize                   = 64                                        {product} {ergonomic}
   size_t InitialHeapSize                          = 132120576                                 {product} {ergonomic}
   size_t MarkStackSize                            = 4194304                                   {product} {ergonomic}
   size_t MaxHeapSize                              = 2147483648                                {product} {command line}
   size_t MaxMetaspaceSize                         = 536870912                                 {product} {command line}
   size_t MaxNewSize                               = 1287651328                                {product} {ergonomic}
   size_t MinHeapDeltaBytes                        = 1048576                                   {product} {ergonomic}
    uintx NonNMethodCodeHeapSize                   = 5836300                                {pd product} {ergonomic}
    uintx NonProfiledCodeHeapSize                  = 122910970                              {pd product} {ergonomic}
    uintx ProfiledCodeHeapSize                     = 122910970                              {pd product} {ergonomic}
    uintx ReservedCodeCacheSize                    = 251658240                              {pd product} {ergonomic}
     bool SegmentedCodeCache                       = true                                      {product} {ergonomic}
     bool UseCompressedClassPointers               = true                                 {lp64_product} {ergonomic}
     bool UseCompressedOops                        = true                                 {lp64_product} {ergonomic}
     bool UseG1GC                                  = true                                      {product} {ergonomic}
     bool UseLargePagesIndividualAllocation        = false                                  {pd product} {ergonomic}

Logging:
Log output configuration:
 #0: stdout all=warning uptime,level,tags
 #1: stderr all=off uptime,level,tags

Environment Variables:
JAVA_HOME=C:\Program Files\OpenLogic\jre-11.0.20.8-hotspot
CLASSPATH=C:\Users\ASUS\login_test\login_test\android\\gradle\wrapper\gradle-wrapper.jar
PATH=C:\Users\ASUS\login_test\login_test\node_modules\.bin;C:\Users\ASUS\login_test\login_test\node_modules\.bin;C:\Users\ASUS\login_test\node_modules\.bin;C:\Users\ASUS\node_modules\.bin;C:\Users\node_modules\.bin;C:\node_modules\.bin;C:\Users\ASUS\AppData\Roaming\nvm\v20.6.0\node_modules\npm\node_modules\@npmcli\run-script\lib\node-gyp-bin;C:\Program Files\OpenLogic\jre-11.0.20.8-hotspot\bin;C:\Python311\Scripts\;C:\Python311\;C:\Program Files\Python310\Scripts\;C:\Program Files\Python310\;C:\Program Files\Microsoft MPI\Bin\;C:\Program Files (x86)\VMware\VMware Workstation\bin\;C:\Program Files (x86)\Common Files\Oracle\Java\javapath;C:\Windows\system32;C:\Windows;C:\Windows\System32\Wbem;C:\Windows\System32\WindowsPowerShell\v1.0\;C:\Windows\System32\OpenSSH\;C:\Program Files (x86)\NVIDIA Corporation\PhysX\Common;C:\Program Files\NVIDIA Corporation\NVIDIA NvDLISR;C:\Program Files\dotnet\;C:\xampp\php;C:\ProgramData\ComposerSetup\bin;C:\xampp\mysql\bin;C:\Windows\System32\Wbem;C:\Program Files (x86)\Microsoft SQL Server\110\Tools\Binn\;C:\Program Files\Microsoft SQL Server\110\Tools\Binn\;C:\Program Files\Microsoft SQL Server\110\DTS\Binn\;C:\Program Files (x86)\ZeroTier\One\;C:\Program Files\Azure Data Studio\bin;C:\Program Files (x86)\Microsoft SQL Server\130\Tools\Binn\;C:\Program Files\Microsoft SQL Server\130\Tools\Binn\;C:\Program Files (x86)\Microsoft SQL Server\130\DTS\Binn\;C:\Program Files\Microsoft SQL Server\130\DTS\Binn\;C:\Program Files\Microsoft SQL Server\Client SDK\ODBC\130\Tools\Binn\;C:\Program Files\Bandizip\;C:\Program Files\nodejs\;C:\ProgramData\chocolatey\bin;C:\Users\ASUS\AppData\Local\Android\Sdk\platform-tools;C:\Users\ASUS\Downloads\gradle-7.6.2\bin;C:\Program Files\OpenLogic\jre-11.0.20.8-hotspot\bin;C:\Users\ASUS\AppData\Local\Android\Sdk\tools;C:\Users\ASUS\AppData\Local\jdk-11.0.2\bin;C:\Program Files\MySQL\MySQL Shell 8.0\bin\;C:\Users\ASUS\AppData\Local\Microsoft\WindowsApps;;C:\Users\ASUS\AppData\Local\Programs\Microsoft VS Code\bin
USERNAME=ASUS
LANG=en_US.UTF-8
OS=Windows_NT
PROCESSOR_IDENTIFIER=Intel64 Family 6 Model 165 Stepping 2, GenuineIntel
TMP=C:\Users\ASUS\AppData\Local\Temp
TEMP=C:\Users\ASUS\AppData\Local\Temp



---------------  S Y S T E M  ---------------

OS: Windows 10 , 64 bit Build 19041 (10.0.19041.3393)
OS uptime: 0 days 3:40 hours

CPU:total 8 (initial active 8) (4 cores per cpu, 2 threads per core) family 6 model 165 stepping 2 microcode 0xc8, cmov, cx8, fxsr, mmx, sse, sse2, sse3, ssse3, sse4.1, sse4.2, popcnt, avx, avx2, aes, clmul, erms, 3dnowpref, lzcnt, ht, tsc, tscinvbit, bmi1, bmi2, adx, fma

Memory: 4k page, system-wide physical 7979M (139M free)
TotalPageFile size 20267M (AvailPageFile size 42M)
current process WorkingSet (physical memory assigned to process): 416M, peak: 416M
current process commit charge ("private bytes"): 500M, peak: 538M

vm_info: OpenJDK 64-Bit Server VM (11.0.20+8-adhoc..jdk11u) for windows-amd64 JRE (11.0.20+8-adhoc..jdk11u), built on Jul 19 2023 08:50:17 by "" with MS VC++ 16.10 / 16.11 (VS2019)

END.
